SIS:     08-Feb-2006 11:22:22 cFDPTR exampler created.

SIS:     08-Feb-2006 11:22:22 cFDPTR exampler created.

SIS:     08-Feb-2006 11:22:23 cSheduler exampler created.

SIS:     08-Feb-2006 11:22:23 cSheduler exampler destroyed.

SIS:     08-Feb-2006 11:22:23 cFDPTR exampler destroyed.

SIS:     08-Feb-2006 11:22:23 cFDPTR exampler destroyed.

SIS:     08-Feb-2006 11:23:47 cFDPTR exampler created.

SIS:     08-Feb-2006 11:23:47 cFDPTR exampler created.

SIS:     08-Feb-2006 11:23:47 cSheduler exampler created.

SIS:     08-Feb-2006 11:23:47 cSheduler exampler destroyed.

SIS:     08-Feb-2006 11:23:47 cFDPTR exampler destroyed.

SIS:     08-Feb-2006 11:23:47 cFDPTR exampler destroyed.

SIS:     08-Feb-2006 11:26:02 cFDPTR exampler created.

SIS:     08-Feb-2006 11:26:02 cFDPTR exampler created.

SIS:     08-Feb-2006 11:26:02 cSheduler exampler created.

SIS:     08-Feb-2006 11:26:02 cSchedPTR exampler created.

SIS:     08-Feb-2006 11:26:02 cFDPTR exampler created.

SIS:     08-Feb-2006 11:26:02 cCalculator exampler created.

SIS:     08-Feb-2006 11:34:28 cFDPTR exampler created.

SIS:     08-Feb-2006 11:34:28 cFDPTR exampler created.

SIS:     08-Feb-2006 11:34:29 cSheduler exampler created.

SIS:     08-Feb-2006 11:34:29 cSchedPTR exampler created.

SIS:     08-Feb-2006 11:34:29 cFDPTR exampler created.

SIS:     08-Feb-2006 11:34:29 cCalculator exampler created.

SIS:     08-Feb-2006 11:34:38 cSchedPTR exampler created.

SIS:     08-Feb-2006 11:34:38 cSchedPTR exampler created.

SIS:     08-Feb-2006 11:34:38 cSchedPTR exampler created.

SIS:     08-Feb-2006 11:34:38 cSchedPTR exampler created.

SIS:     08-Feb-2006 11:34:38 cSchedPTR exampler created.

SIS:     08-Feb-2006 11:34:38 cSchedPTR exampler created.

SIS:     08-Feb-2006 11:34:38 cSchedPTR exampler created.

SIS:     08-Feb-2006 11:34:38 cSchedPTR exampler created.

SIS:     08-Feb-2006 11:34:38 cSchedPTR exampler created.

SIS:     08-Feb-2006 11:34:38 cSchedPTR exampler created.

SIS:     08-Feb-2006 11:34:38 cSchedPTR exampler created.

SIS:     08-Feb-2006 11:34:38 cSchedPTR exampler created.

SIS:     08-Feb-2006 11:34:38 cSchedPTR exampler created.

SIS:     08-Feb-2006 11:34:38 cSchedPTR exampler created.

SIS:     08-Feb-2006 11:34:38 cSchedPTR exampler created.

SIS:     08-Feb-2006 11:34:38 cSchedPTR exampler created.

SIS:     08-Feb-2006 11:34:38 cSchedPTR exampler created.

SIS:     08-Feb-2006 11:34:38 cSchedPTR exampler created.

SIS:     08-Feb-2006 11:34:38 cFormula exampler created.

SIS:     08-Feb-2006 11:34:38 cFormula exampler created.

SIS:     08-Feb-2006 11:34:38 cFormula exampler created.

SIS:     08-Feb-2006 11:34:38 cFormula exampler created.

SIS:     08-Feb-2006 11:34:38 cFormula exampler created.

SIS:     08-Feb-2006 11:34:38 cFormula exampler created.

SIS:     08-Feb-2006 11:34:38 cFormula exampler created.

SIS:     08-Feb-2006 11:34:38 cFormula exampler created.

SIS:     08-Feb-2006 11:34:38 cFormula exampler created.

SIS:     08-Feb-2006 11:34:38 cFormula exampler created.

SIS:     08-Feb-2006 11:34:38 cFormula exampler created.

SIS:     08-Feb-2006 11:34:38 cFormula exampler created.

SIS:     08-Feb-2006 11:34:38 cFormula exampler created.

SIS:     08-Feb-2006 11:34:38 cFormula exampler created.

SIS:     08-Feb-2006 11:34:38 cFormula exampler created.

SIS:     08-Feb-2006 11:34:38 cFormula exampler created.

SIS:     08-Feb-2006 11:34:38 cFormula exampler created.

SIS:     08-Feb-2006 11:34:38 cFormula exampler created.

SIS:     08-Feb-2006 11:34:38 cFDPTR exampler created.

SIS:     08-Feb-2006 11:34:39 cFDPTR exampler created.

SIS:     08-Feb-2006 11:34:39 cFDPTR exampler created.

SIS:     08-Feb-2006 11:34:39 cFDPTR exampler created.

SIS:     08-Feb-2006 11:44:09 cFDPTR exampler destroyed.

SIS:     08-Feb-2006 11:44:13 cFDPTR exampler destroyed.

SIS:     08-Feb-2006 11:44:13 cSchedPTR exampler destroyed.

SIS:     08-Feb-2006 11:44:13 cFormula exampler destroyed.

SIS:     08-Feb-2006 11:44:13 cFormula exampler destroyed.

SIS:     08-Feb-2006 11:44:13 cFormula exampler destroyed.

SIS:     08-Feb-2006 11:44:13 cFormula exampler destroyed.

SIS:     08-Feb-2006 11:44:13 cFormula exampler destroyed.

SIS:     08-Feb-2006 11:44:13 cFormula exampler destroyed.

SIS:     08-Feb-2006 11:44:13 cFormula exampler destroyed.

SIS:     08-Feb-2006 11:44:13 cFormula exampler destroyed.

SIS:     08-Feb-2006 11:44:13 cFormula exampler destroyed.

SIS:     08-Feb-2006 11:44:13 cFormula exampler destroyed.

SIS:     08-Feb-2006 11:44:13 cFormula exampler destroyed.

SIS:     08-Feb-2006 11:44:13 cFormula exampler destroyed.

SIS:     08-Feb-2006 11:44:13 cFormula exampler destroyed.

SIS:     08-Feb-2006 11:44:13 cFormula exampler destroyed.

SIS:     08-Feb-2006 11:44:13 cFormula exampler destroyed.

SIS:     08-Feb-2006 11:44:13 cFormula exampler destroyed.

SIS:     08-Feb-2006 11:44:13 cFormula exampler destroyed.

SIS:     08-Feb-2006 11:44:13 cFormula exampler destroyed.

SIS:     08-Feb-2006 11:44:13 cFDPTR exampler destroyed.

SIS:     08-Feb-2006 11:44:13 cFDPTR exampler destroyed.

SIS:     08-Feb-2006 11:44:13 cFDPTR exampler destroyed.

SIS:     08-Feb-2006 11:44:13 cCalculator exampler destroyed.

SIS:     08-Feb-2006 11:44:13 cFDPTR exampler destroyed.

SIS:     08-Feb-2006 11:44:13 cFDPTR exampler destroyed.

SIS:     08-Feb-2006 11:44:13 cSchedPTR exampler destroyed.

SIS:     08-Feb-2006 11:44:13 cSchedPTR exampler destroyed.

SIS:     08-Feb-2006 11:44:13 cSchedPTR exampler destroyed.

SIS:     08-Feb-2006 11:44:13 cSchedPTR exampler destroyed.

SIS:     08-Feb-2006 11:44:13 cSchedPTR exampler destroyed.

SIS:     08-Feb-2006 11:44:13 cSchedPTR exampler destroyed.

SIS:     08-Feb-2006 11:44:13 cSchedPTR exampler destroyed.

SIS:     08-Feb-2006 11:44:13 cSchedPTR exampler destroyed.

SIS:     08-Feb-2006 11:44:13 cSchedPTR exampler destroyed.

SIS:     08-Feb-2006 11:44:13 cSchedPTR exampler destroyed.

SIS:     08-Feb-2006 11:44:13 cSchedPTR exampler destroyed.

SIS:     08-Feb-2006 11:44:13 cSchedPTR exampler destroyed.

SIS:     08-Feb-2006 11:44:13 cSchedPTR exampler destroyed.

SIS:     08-Feb-2006 11:44:13 cSchedPTR exampler destroyed.

SIS:     08-Feb-2006 11:44:13 cSchedPTR exampler destroyed.

SIS:     08-Feb-2006 11:44:13 cSchedPTR exampler destroyed.

SIS:     08-Feb-2006 11:44:13 cSchedPTR exampler destroyed.

SIS:     08-Feb-2006 11:44:13 cSchedPTR exampler destroyed.

SIS:     08-Feb-2006 11:44:13 cSheduler exampler destroyed.

SIS:     08-Feb-2006 11:53:03 cFDPTR exampler created.

SIS:     08-Feb-2006 11:53:03 cFDPTR exampler created.

SIS:     08-Feb-2006 11:53:03 cSheduler exampler created.

SIS:     08-Feb-2006 11:53:03 cSchedPTR exampler created.

SIS:     08-Feb-2006 11:53:03 cFDPTR exampler created.

SIS:     08-Feb-2006 11:53:03 cCalculator exampler created.

SIS:     08-Feb-2006 11:53:13 cSchedPTR exampler created.

SIS:     08-Feb-2006 11:53:13 cSchedPTR exampler created.

SIS:     08-Feb-2006 11:53:13 cSchedPTR exampler created.

SIS:     08-Feb-2006 11:53:13 cSchedPTR exampler created.

SIS:     08-Feb-2006 11:53:13 cSchedPTR exampler created.

SIS:     08-Feb-2006 11:53:13 cSchedPTR exampler created.

SIS:     08-Feb-2006 11:53:13 cSchedPTR exampler created.

SIS:     08-Feb-2006 11:53:13 cSchedPTR exampler created.

SIS:     08-Feb-2006 11:53:13 cSchedPTR exampler created.

SIS:     08-Feb-2006 11:53:13 cSchedPTR exampler created.

SIS:     08-Feb-2006 11:53:13 cSchedPTR exampler created.

SIS:     08-Feb-2006 11:53:13 cSchedPTR exampler created.

SIS:     08-Feb-2006 11:53:13 cSchedPTR exampler created.

SIS:     08-Feb-2006 11:53:13 cSchedPTR exampler created.

SIS:     08-Feb-2006 11:53:13 cSchedPTR exampler created.

SIS:     08-Feb-2006 11:53:13 cSchedPTR exampler created.

SIS:     08-Feb-2006 11:53:13 cFormula exampler created.

SIS:     08-Feb-2006 11:53:13 cFormula exampler created.

SIS:     08-Feb-2006 11:53:13 cFormula exampler created.

SIS:     08-Feb-2006 11:53:13 cFormula exampler created.

SIS:     08-Feb-2006 11:53:13 cFormula exampler created.

SIS:     08-Feb-2006 11:53:13 cFormula exampler created.

SIS:     08-Feb-2006 11:53:13 cFormula exampler created.

SIS:     08-Feb-2006 11:53:13 cFormula exampler created.

SIS:     08-Feb-2006 11:53:13 cFormula exampler created.

SIS:     08-Feb-2006 11:53:13 cFormula exampler created.

SIS:     08-Feb-2006 11:53:13 cFormula exampler created.

SIS:     08-Feb-2006 11:53:13 cFormula exampler created.

SIS:     08-Feb-2006 11:53:13 cFormula exampler created.

SIS:     08-Feb-2006 11:53:13 cFormula exampler created.

SIS:     08-Feb-2006 11:53:13 cFormula exampler created.

SIS:     08-Feb-2006 11:53:13 cFormula exampler created.

SIS:     08-Feb-2006 11:53:13 cFDPTR exampler created.

SIS:     08-Feb-2006 11:53:14 cFDPTR exampler created.

SIS:     08-Feb-2006 11:53:14 cFDPTR exampler created.

SIS:     08-Feb-2006 11:53:14 cFDPTR exampler created.

SIS:     08-Feb-2006 12:59:13 cFDPTR exampler destroyed.

SIS:     08-Feb-2006 12:59:17 cFDPTR exampler destroyed.

SIS:     08-Feb-2006 12:59:17 cSchedPTR exampler destroyed.

SIS:     08-Feb-2006 12:59:17 cFormula exampler destroyed.

SIS:     08-Feb-2006 12:59:17 cFormula exampler destroyed.

SIS:     08-Feb-2006 12:59:17 cFormula exampler destroyed.

SIS:     08-Feb-2006 12:59:17 cFormula exampler destroyed.

SIS:     08-Feb-2006 12:59:17 cFormula exampler destroyed.

SIS:     08-Feb-2006 12:59:17 cFormula exampler destroyed.

SIS:     08-Feb-2006 12:59:17 cFormula exampler destroyed.

SIS:     08-Feb-2006 12:59:17 cFormula exampler destroyed.

SIS:     08-Feb-2006 12:59:17 cFormula exampler destroyed.

SIS:     08-Feb-2006 12:59:17 cFormula exampler destroyed.

SIS:     08-Feb-2006 12:59:17 cFormula exampler destroyed.

SIS:     08-Feb-2006 12:59:17 cFormula exampler destroyed.

SIS:     08-Feb-2006 12:59:17 cFormula exampler destroyed.

SIS:     08-Feb-2006 12:59:17 cFormula exampler destroyed.

SIS:     08-Feb-2006 12:59:17 cFormula exampler destroyed.

SIS:     08-Feb-2006 12:59:17 cFormula exampler destroyed.

SIS:     08-Feb-2006 12:59:17 cFDPTR exampler destroyed.

SIS:     08-Feb-2006 12:59:17 cFDPTR exampler destroyed.

SIS:     08-Feb-2006 12:59:17 cFDPTR exampler destroyed.

SIS:     08-Feb-2006 12:59:17 cCalculator exampler destroyed.

SIS:     08-Feb-2006 12:59:17 cFDPTR exampler destroyed.

SIS:     08-Feb-2006 12:59:17 cFDPTR exampler destroyed.

SIS:     08-Feb-2006 12:59:17 cSchedPTR exampler destroyed.

SIS:     08-Feb-2006 12:59:17 cSchedPTR exampler destroyed.

SIS:     08-Feb-2006 12:59:17 cSchedPTR exampler destroyed.

SIS:     08-Feb-2006 12:59:17 cSchedPTR exampler destroyed.

SIS:     08-Feb-2006 12:59:17 cSchedPTR exampler destroyed.

SIS:     08-Feb-2006 12:59:17 cSchedPTR exampler destroyed.

SIS:     08-Feb-2006 12:59:17 cSchedPTR exampler destroyed.

SIS:     08-Feb-2006 12:59:17 cSchedPTR exampler destroyed.

SIS:     08-Feb-2006 12:59:17 cSchedPTR exampler destroyed.

SIS:     08-Feb-2006 12:59:17 cSchedPTR exampler destroyed.

SIS:     08-Feb-2006 12:59:17 cSchedPTR exampler destroyed.

SIS:     08-Feb-2006 12:59:17 cSchedPTR exampler destroyed.

SIS:     08-Feb-2006 12:59:17 cSchedPTR exampler destroyed.

SIS:     08-Feb-2006 12:59:17 cSchedPTR exampler destroyed.

SIS:     08-Feb-2006 12:59:17 cSchedPTR exampler destroyed.

SIS:     08-Feb-2006 12:59:17 cSchedPTR exampler destroyed.

SIS:     08-Feb-2006 12:59:17 cSheduler exampler destroyed.

SIS:     08-Feb-2006 12:59:28 cFDPTR exampler created.

SIS:     08-Feb-2006 12:59:28 cFDPTR exampler created.

SIS:     08-Feb-2006 12:59:28 cSheduler exampler created.

SIS:     08-Feb-2006 12:59:28 cSchedPTR exampler created.

SIS:     08-Feb-2006 12:59:28 cFDPTR exampler created.

SIS:     08-Feb-2006 12:59:28 cCalculator exampler created.

SIS:     08-Feb-2006 12:59:37 cSchedPTR exampler created.

SIS:     08-Feb-2006 12:59:37 cSchedPTR exampler created.

SIS:     08-Feb-2006 12:59:37 cSchedPTR exampler created.

SIS:     08-Feb-2006 12:59:37 cSchedPTR exampler created.

SIS:     08-Feb-2006 12:59:37 cSchedPTR exampler created.

SIS:     08-Feb-2006 12:59:37 cSchedPTR exampler created.

SIS:     08-Feb-2006 12:59:37 cSchedPTR exampler created.

SIS:     08-Feb-2006 12:59:37 cSchedPTR exampler created.

SIS:     08-Feb-2006 12:59:37 cSchedPTR exampler created.

SIS:     08-Feb-2006 12:59:37 cSchedPTR exampler created.

SIS:     08-Feb-2006 12:59:37 cSchedPTR exampler created.

SIS:     08-Feb-2006 12:59:37 cSchedPTR exampler created.

SIS:     08-Feb-2006 12:59:37 cSchedPTR exampler created.

SIS:     08-Feb-2006 12:59:37 cSchedPTR exampler created.

SIS:     08-Feb-2006 12:59:37 cSchedPTR exampler created.

SIS:     08-Feb-2006 12:59:37 cSchedPTR exampler created.

SIS:     08-Feb-2006 12:59:37 cSchedPTR exampler created.

SIS:     08-Feb-2006 12:59:37 cFormula exampler created.

SIS:     08-Feb-2006 12:59:37 cFormula exampler created.

SIS:     08-Feb-2006 12:59:37 cFormula exampler created.

SIS:     08-Feb-2006 12:59:37 cFormula exampler created.

SIS:     08-Feb-2006 12:59:37 cFormula exampler created.

SIS:     08-Feb-2006 12:59:38 cFormula exampler created.

SIS:     08-Feb-2006 12:59:38 cFormula exampler created.

SIS:     08-Feb-2006 12:59:38 cFormula exampler created.

SIS:     08-Feb-2006 12:59:38 cFormula exampler created.

SIS:     08-Feb-2006 12:59:38 cFormula exampler created.

SIS:     08-Feb-2006 12:59:38 cFormula exampler created.

SIS:     08-Feb-2006 12:59:38 cFormula exampler created.

SIS:     08-Feb-2006 12:59:38 cFormula exampler created.

SIS:     08-Feb-2006 12:59:38 cFormula exampler created.

SIS:     08-Feb-2006 12:59:38 cFormula exampler created.

SIS:     08-Feb-2006 12:59:38 cFormula exampler created.

SIS:     08-Feb-2006 12:59:38 cFormula exampler created.

SIS:     08-Feb-2006 12:59:38 cFDPTR exampler created.

SIS:     08-Feb-2006 12:59:39 cFDPTR exampler created.

SIS:     08-Feb-2006 12:59:39 cFDPTR exampler created.

SIS:     08-Feb-2006 12:59:39 cFDPTR exampler created.

SIS:     08-Feb-2006 13:03:04 Error during calculation! Formula:  17 Line:  10 VB Error: -2147417851 Err descr.: Automation error
The server threw an exception. 

SIS:     08-Feb-2006 13:09:21 Error during calculation! Formula:  17 Line:  11 VB Error: -2147417851 Err descr.: Automation error
The server threw an exception. 

SIS:     08-Feb-2006 13:09:40 Error during calculation! Formula:  17 Line:  12 VB Error: -2147417851 Err descr.: Automation error
The server threw an exception. 

SIS:     08-Feb-2006 13:11:04 cFDPTR exampler destroyed.

SIS:     08-Feb-2006 13:11:09 Error during calculation! Formula:  17 Line:  13 VB Error:  91 Err descr.: Object variable or With block variable not set

SIS:     08-Feb-2006 13:11:09 Error during calculation! Formula:  17 Line:  14 VB Error:  91 Err descr.: Object variable or With block variable not set

SIS:     08-Feb-2006 13:11:10 Error during calculation! Formula:  17 Line:  15 VB Error:  91 Err descr.: Object variable or With block variable not set

SIS:     08-Feb-2006 13:11:14 cFDPTR exampler destroyed.

SIS:     08-Feb-2006 13:11:14 cFDPTR exampler destroyed.

SIS:     08-Feb-2006 13:11:14 cSchedPTR exampler destroyed.

SIS:     08-Feb-2006 13:11:14 cSchedPTR exampler destroyed.

SIS:     08-Feb-2006 13:11:14 cSchedPTR exampler destroyed.

SIS:     08-Feb-2006 13:11:14 cSchedPTR exampler destroyed.

SIS:     08-Feb-2006 13:11:14 cSchedPTR exampler destroyed.

SIS:     08-Feb-2006 13:11:14 cSchedPTR exampler destroyed.

SIS:     08-Feb-2006 13:11:14 cSchedPTR exampler destroyed.

SIS:     08-Feb-2006 13:11:14 cSchedPTR exampler destroyed.

SIS:     08-Feb-2006 13:11:14 cSchedPTR exampler destroyed.

SIS:     08-Feb-2006 13:11:14 cSchedPTR exampler destroyed.

SIS:     08-Feb-2006 13:11:14 cSchedPTR exampler destroyed.

SIS:     08-Feb-2006 13:11:14 cSchedPTR exampler destroyed.

SIS:     08-Feb-2006 13:11:14 cSchedPTR exampler destroyed.

SIS:     08-Feb-2006 13:11:14 cSchedPTR exampler destroyed.

SIS:     08-Feb-2006 13:11:14 cSchedPTR exampler destroyed.

SIS:     08-Feb-2006 13:11:14 cSchedPTR exampler destroyed.

SIS:     08-Feb-2006 13:11:14 cSchedPTR exampler destroyed.

SIS:     08-Feb-2006 13:11:14 cSheduler exampler destroyed.

SIS:     08-Feb-2006 13:11:17 Error during calculation! Formula:  17 Line:  16 VB Error:  0 Err descr.: 

SIS:     08-Feb-2006 13:11:17 Unknown OPERATION:  Formula:  17 Line:  17

SIS:     08-Feb-2006 13:11:17 Error during calculation! Formula:  17 Line:  18 VB Error:  91 Err descr.: Object variable or With block variable not set

SIS:     08-Feb-2006 13:11:17 Error during calculation! Formula:  17 Line:  19 VB Error:  91 Err descr.: Object variable or With block variable not set

SIS:     08-Feb-2006 13:11:17 Error during calculation! Formula:  17 Line:  20 VB Error:  91 Err descr.: Object variable or With block variable not set

SIS:     08-Feb-2006 13:11:17 Error during calculation! Formula:  17 Line:  21 VB Error:  91 Err descr.: Object variable or With block variable not set

SIS:     08-Feb-2006 13:11:17 Error during calculation! Formula:  17 Line:  22 VB Error:  91 Err descr.: Object variable or With block variable not set

SIS:     08-Feb-2006 13:11:17 Error during calculation! Formula:  17 Line:  23 VB Error:  91 Err descr.: Object variable or With block variable not set

SIS:     08-Feb-2006 13:11:17 cFDPTR exampler destroyed.

SIS:     08-Feb-2006 13:11:17 cSchedPTR exampler destroyed.

SIS:     08-Feb-2006 13:11:17 cFormula exampler destroyed.

SIS:     08-Feb-2006 13:11:17 cFormula exampler destroyed.

SIS:     08-Feb-2006 13:11:17 cFormula exampler destroyed.

SIS:     08-Feb-2006 13:11:17 cFormula exampler destroyed.

SIS:     08-Feb-2006 13:11:17 cFormula exampler destroyed.

SIS:     08-Feb-2006 13:11:17 cFormula exampler destroyed.

SIS:     08-Feb-2006 13:11:17 cFormula exampler destroyed.

SIS:     08-Feb-2006 13:11:17 cFormula exampler destroyed.

SIS:     08-Feb-2006 13:11:17 cFormula exampler destroyed.

SIS:     08-Feb-2006 13:11:17 cFormula exampler destroyed.

SIS:     08-Feb-2006 13:11:17 cFormula exampler destroyed.

SIS:     08-Feb-2006 13:11:17 cFormula exampler destroyed.

SIS:     08-Feb-2006 13:11:17 cFormula exampler destroyed.

SIS:     08-Feb-2006 13:11:17 cFormula exampler destroyed.

SIS:     08-Feb-2006 13:11:17 cFormula exampler destroyed.

SIS:     08-Feb-2006 13:11:17 cFormula exampler destroyed.

SIS:     08-Feb-2006 13:11:17 cFormula exampler destroyed.

SIS:     08-Feb-2006 13:11:17 cFDPTR exampler destroyed.

SIS:     08-Feb-2006 13:11:17 cFDPTR exampler destroyed.

SIS:     08-Feb-2006 13:11:17 cCalculator exampler destroyed.

SIS:     08-Feb-2006 14:03:04 cFDPTR exampler created.

SIS:     08-Feb-2006 14:03:04 cFDPTR exampler created.

SIS:     08-Feb-2006 14:03:04 cSheduler exampler created.

SIS:     08-Feb-2006 14:03:04 cSchedPTR exampler created.

SIS:     08-Feb-2006 14:03:04 cFDPTR exampler created.

SIS:     08-Feb-2006 14:03:04 cCalculator exampler created.

SIS:     08-Feb-2006 14:03:13 cSchedPTR exampler created.

SIS:     08-Feb-2006 14:03:13 cSchedPTR exampler created.

SIS:     08-Feb-2006 14:03:13 cSchedPTR exampler created.

SIS:     08-Feb-2006 14:03:13 cSchedPTR exampler created.

SIS:     08-Feb-2006 14:03:13 cSchedPTR exampler created.

SIS:     08-Feb-2006 14:03:13 cSchedPTR exampler created.

SIS:     08-Feb-2006 14:03:13 cSchedPTR exampler created.

SIS:     08-Feb-2006 14:03:13 cSchedPTR exampler created.

SIS:     08-Feb-2006 14:03:13 cSchedPTR exampler created.

SIS:     08-Feb-2006 14:03:13 cSchedPTR exampler created.

SIS:     08-Feb-2006 14:03:13 cSchedPTR exampler created.

SIS:     08-Feb-2006 14:03:13 cSchedPTR exampler created.

SIS:     08-Feb-2006 14:03:13 cSchedPTR exampler created.

SIS:     08-Feb-2006 14:03:13 cSchedPTR exampler created.

SIS:     08-Feb-2006 14:03:13 cSchedPTR exampler created.

SIS:     08-Feb-2006 14:03:13 cSchedPTR exampler created.

SIS:     08-Feb-2006 14:03:13 cSchedPTR exampler created.

SIS:     08-Feb-2006 14:03:13 cFormula exampler created.

SIS:     08-Feb-2006 14:03:13 cFormula exampler created.

SIS:     08-Feb-2006 14:03:13 cFormula exampler created.

SIS:     08-Feb-2006 14:03:13 cFormula exampler created.

SIS:     08-Feb-2006 14:03:13 cFormula exampler created.

SIS:     08-Feb-2006 14:03:13 cFormula exampler created.

SIS:     08-Feb-2006 14:03:13 cFormula exampler created.

SIS:     08-Feb-2006 14:03:13 cFormula exampler created.

SIS:     08-Feb-2006 14:03:13 cFormula exampler created.

SIS:     08-Feb-2006 14:03:13 cFormula exampler created.

SIS:     08-Feb-2006 14:03:13 cFormula exampler created.

SIS:     08-Feb-2006 14:03:13 cFormula exampler created.

SIS:     08-Feb-2006 14:03:13 cFormula exampler created.

SIS:     08-Feb-2006 14:03:13 cFormula exampler created.

SIS:     08-Feb-2006 14:03:13 cFormula exampler created.

SIS:     08-Feb-2006 14:03:13 cFormula exampler created.

SIS:     08-Feb-2006 14:03:13 cFormula exampler created.

SIS:     08-Feb-2006 14:03:13 cFDPTR exampler created.

SIS:     08-Feb-2006 14:03:33 cFDPTR exampler created.

SIS:     08-Feb-2006 14:03:33 cFDPTR exampler created.

SIS:     08-Feb-2006 14:03:33 cFDPTR exampler created.

SIS:     08-Feb-2006 14:03:58 Error during calculation! Formula:  17 Line:  12 VB Error: -2147417851 Err descr.: Automation error
The server threw an exception. 

SIS:     08-Feb-2006 14:04:01 cFDPTR exampler destroyed.

SIS:     08-Feb-2006 14:04:05 cFDPTR exampler destroyed.

SIS:     08-Feb-2006 14:04:05 cSchedPTR exampler destroyed.

SIS:     08-Feb-2006 14:04:05 cFormula exampler destroyed.

SIS:     08-Feb-2006 14:04:05 cFormula exampler destroyed.

SIS:     08-Feb-2006 14:04:05 cFormula exampler destroyed.

SIS:     08-Feb-2006 14:04:05 cFormula exampler destroyed.

SIS:     08-Feb-2006 14:04:05 cFormula exampler destroyed.

SIS:     08-Feb-2006 14:04:05 cFormula exampler destroyed.

SIS:     08-Feb-2006 14:04:05 cFormula exampler destroyed.

SIS:     08-Feb-2006 14:04:05 cFormula exampler destroyed.

SIS:     08-Feb-2006 14:04:05 cFormula exampler destroyed.

SIS:     08-Feb-2006 14:04:05 cFormula exampler destroyed.

SIS:     08-Feb-2006 14:04:05 cFormula exampler destroyed.

SIS:     08-Feb-2006 14:04:05 cFormula exampler destroyed.

SIS:     08-Feb-2006 14:04:05 cFormula exampler destroyed.

SIS:     08-Feb-2006 14:04:05 cFormula exampler destroyed.

SIS:     08-Feb-2006 14:04:05 cFormula exampler destroyed.

SIS:     08-Feb-2006 14:04:05 cFormula exampler destroyed.

SIS:     08-Feb-2006 14:04:05 cFormula exampler destroyed.

SIS:     08-Feb-2006 14:04:05 cFDPTR exampler destroyed.

SIS:     08-Feb-2006 14:04:05 cFDPTR exampler destroyed.

SIS:     08-Feb-2006 14:04:05 cFDPTR exampler destroyed.

SIS:     08-Feb-2006 14:04:05 cCalculator exampler destroyed.

SIS:     08-Feb-2006 14:04:05 cFDPTR exampler destroyed.

SIS:     08-Feb-2006 14:04:05 cFDPTR exampler destroyed.

SIS:     08-Feb-2006 14:04:05 cSchedPTR exampler destroyed.

SIS:     08-Feb-2006 14:04:05 cSchedPTR exampler destroyed.

SIS:     08-Feb-2006 14:04:05 cSchedPTR exampler destroyed.

SIS:     08-Feb-2006 14:04:05 cSchedPTR exampler destroyed.

SIS:     08-Feb-2006 14:04:05 cSchedPTR exampler destroyed.

SIS:     08-Feb-2006 14:04:05 cSchedPTR exampler destroyed.

SIS:     08-Feb-2006 14:04:05 cSchedPTR exampler destroyed.

SIS:     08-Feb-2006 14:04:05 cSchedPTR exampler destroyed.

SIS:     08-Feb-2006 14:04:05 cSchedPTR exampler destroyed.

SIS:     08-Feb-2006 14:04:05 cSchedPTR exampler destroyed.

SIS:     08-Feb-2006 14:04:05 cSchedPTR exampler destroyed.

SIS:     08-Feb-2006 14:04:05 cSchedPTR exampler destroyed.

SIS:     08-Feb-2006 14:04:05 cSchedPTR exampler destroyed.

SIS:     08-Feb-2006 14:04:05 cSchedPTR exampler destroyed.

SIS:     08-Feb-2006 14:04:05 cSchedPTR exampler destroyed.

SIS:     08-Feb-2006 14:04:05 cSchedPTR exampler destroyed.

SIS:     08-Feb-2006 14:04:05 cSchedPTR exampler destroyed.

SIS:     08-Feb-2006 14:04:05 cSheduler exampler destroyed.

SIS:     08-Feb-2006 14:05:58 cFDPTR exampler created.

SIS:     08-Feb-2006 14:05:58 cFDPTR exampler created.

SIS:     08-Feb-2006 14:05:58 cSheduler exampler created.

SIS:     08-Feb-2006 14:05:58 cSchedPTR exampler created.

SIS:     08-Feb-2006 14:05:58 cFDPTR exampler created.

SIS:     08-Feb-2006 14:05:58 cCalculator exampler created.

SIS:     08-Feb-2006 14:06:08 cSchedPTR exampler created.

SIS:     08-Feb-2006 14:06:08 cSchedPTR exampler created.

SIS:     08-Feb-2006 14:06:08 cSchedPTR exampler created.

SIS:     08-Feb-2006 14:06:08 cSchedPTR exampler created.

SIS:     08-Feb-2006 14:06:08 cSchedPTR exampler created.

SIS:     08-Feb-2006 14:06:08 cSchedPTR exampler created.

SIS:     08-Feb-2006 14:06:08 cSchedPTR exampler created.

SIS:     08-Feb-2006 14:06:08 cSchedPTR exampler created.

SIS:     08-Feb-2006 14:06:08 cSchedPTR exampler created.

SIS:     08-Feb-2006 14:06:08 cSchedPTR exampler created.

SIS:     08-Feb-2006 14:06:08 cSchedPTR exampler created.

SIS:     08-Feb-2006 14:06:08 cSchedPTR exampler created.

SIS:     08-Feb-2006 14:06:08 cSchedPTR exampler created.

SIS:     08-Feb-2006 14:06:08 cSchedPTR exampler created.

SIS:     08-Feb-2006 14:06:08 cSchedPTR exampler created.

SIS:     08-Feb-2006 14:06:08 cSchedPTR exampler created.

SIS:     08-Feb-2006 14:06:08 cSchedPTR exampler created.

SIS:     08-Feb-2006 14:06:08 cFormula exampler created.

SIS:     08-Feb-2006 14:06:08 cFormula exampler created.

SIS:     08-Feb-2006 14:06:08 cFormula exampler created.

SIS:     08-Feb-2006 14:06:08 cFormula exampler created.

SIS:     08-Feb-2006 14:06:08 cFormula exampler created.

SIS:     08-Feb-2006 14:06:08 cFormula exampler created.

SIS:     08-Feb-2006 14:06:08 cFormula exampler created.

SIS:     08-Feb-2006 14:06:08 cFormula exampler created.

SIS:     08-Feb-2006 14:06:08 cFormula exampler created.

SIS:     08-Feb-2006 14:06:08 cFormula exampler created.

SIS:     08-Feb-2006 14:06:08 cFormula exampler created.

SIS:     08-Feb-2006 14:06:08 cFormula exampler created.

SIS:     08-Feb-2006 14:06:08 cFormula exampler created.

SIS:     08-Feb-2006 14:06:08 cFormula exampler created.

SIS:     08-Feb-2006 14:06:08 cFormula exampler created.

SIS:     08-Feb-2006 14:06:08 cFormula exampler created.

SIS:     08-Feb-2006 14:06:08 cFormula exampler created.

SIS:     08-Feb-2006 14:06:08 cFDPTR exampler created.

SIS:     08-Feb-2006 14:06:28 cFDPTR exampler created.

SIS:     08-Feb-2006 14:06:28 cFDPTR exampler created.

SIS:     08-Feb-2006 14:06:28 cFDPTR exampler created.

SIS:     08-Feb-2006 14:06:29 Error during calculation! Formula:  17 Line:  12 VB Error: -2147417851 Err descr.: Method 'RW_FDatum' of object '_cAFDR' failed Polling String: cFDPTR0010188008CP_H1_1:007CPA1RPT010DB118,X0.3003BIT003281008CP_H1_1:007CPA1RPT011DB124,DINT0004LONG003282008CP_H1_1:007CPA1RPT010DB118,X0.4003BIT003287008CP_H1_1:007CPA1RPT011DB125,DINT0004LONG003288000000000000018281; 282; 287; 288005Group006string01902/08/2006 14:06:0801902/08/2006 14:06:08003SGR003386003386000 Value String: 

SIS:     08-Feb-2006 14:06:49 Error during calculation! Formula:  17 Line:  10 VB Error: -2147417851 Err descr.: Method 'RW_FDatum' of object '_cAFDR' failed Polling String: cFDPTR0010309008CP_H1_1:007CPB1RPT013DB120,REAL106005FLOAT003713008CP_H1_1:007CPB1RPT013DB120,REAL110005FLOAT003714008CP_H1_1:007CPB1RPT013DB120,DINT114004LONG003715008CP_H1_1:007CPB1RPT013DB120,B118,10009STRING*10003716008CP_H1_1:007CPB1RPT013DB120,REAL128005FLOAT003717008CP_H1_1:007CPB1RPT013DB120,REAL132005FLOAT003718000000000000028713; 714; 715; 716; 717; 718005Group006string01902/08/2006 14:06:2801902/08/2006 14:06:29003SGR0037190037190700037130020.0037140020.00371500100037160000037170021.0037180093.4000001 Value String: 0037130020.0037140020.00371500100037160000037170021.0037180093.4000001

SIS:     08-Feb-2006 14:07:14 Error during calculation! Formula:  17 Line:  10 VB Error: -2147417851 Err descr.: Automation error
The server threw an exception.  Polling String: cFDPTR0010309008CP_H1_1:007CPB1RPT013DB120,REAL106005FLOAT003713008CP_H1_1:007CPB1RPT013DB120,REAL110005FLOAT003714008CP_H1_1:007CPB1RPT013DB120,DINT114004LONG003715008CP_H1_1:007CPB1RPT013DB120,B118,10009STRING*10003716008CP_H1_1:007CPB1RPT013DB120,REAL128005FLOAT003717008CP_H1_1:007CPB1RPT013DB120,REAL132005FLOAT003718000000000000028713; 714; 715; 716; 717; 718005Group006string01902/08/2006 14:06:2801902/08/2006 14:06:29003SGR0037190037190700037130020.0037140020.00371500100037160000037170021.0037180093.4000001 Value String: 0037130020.0037140020.00371500100037160000037170021.0037180093.4000001

SIS:     08-Feb-2006 14:07:18 cFDPTR exampler destroyed.

SIS:     08-Feb-2006 14:07:22 cFDPTR exampler destroyed.

SIS:     08-Feb-2006 14:07:22 cSchedPTR exampler destroyed.

SIS:     08-Feb-2006 14:07:22 cFormula exampler destroyed.

SIS:     08-Feb-2006 14:07:22 cFormula exampler destroyed.

SIS:     08-Feb-2006 14:07:22 cFormula exampler destroyed.

SIS:     08-Feb-2006 14:07:22 cFormula exampler destroyed.

SIS:     08-Feb-2006 14:07:22 cFormula exampler destroyed.

SIS:     08-Feb-2006 14:07:22 cFormula exampler destroyed.

SIS:     08-Feb-2006 14:07:22 cFormula exampler destroyed.

SIS:     08-Feb-2006 14:07:22 cFormula exampler destroyed.

SIS:     08-Feb-2006 14:07:22 cFormula exampler destroyed.

SIS:     08-Feb-2006 14:07:22 cFormula exampler destroyed.

SIS:     08-Feb-2006 14:07:22 cFormula exampler destroyed.

SIS:     08-Feb-2006 14:07:22 cFormula exampler destroyed.

SIS:     08-Feb-2006 14:07:22 cFormula exampler destroyed.

SIS:     08-Feb-2006 14:07:22 cFormula exampler destroyed.

SIS:     08-Feb-2006 14:07:22 cFormula exampler destroyed.

SIS:     08-Feb-2006 14:07:22 cFormula exampler destroyed.

SIS:     08-Feb-2006 14:07:22 cFormula exampler destroyed.

SIS:     08-Feb-2006 14:07:22 cFDPTR exampler destroyed.

SIS:     08-Feb-2006 14:07:22 cFDPTR exampler destroyed.

SIS:     08-Feb-2006 14:07:22 cFDPTR exampler destroyed.

SIS:     08-Feb-2006 14:07:22 cCalculator exampler destroyed.

SIS:     08-Feb-2006 14:07:22 cFDPTR exampler destroyed.

SIS:     08-Feb-2006 14:07:22 cFDPTR exampler destroyed.

SIS:     08-Feb-2006 14:07:22 cSchedPTR exampler destroyed.

SIS:     08-Feb-2006 14:07:22 cSchedPTR exampler destroyed.

SIS:     08-Feb-2006 14:07:22 cSchedPTR exampler destroyed.

SIS:     08-Feb-2006 14:07:22 cSchedPTR exampler destroyed.

SIS:     08-Feb-2006 14:07:22 cSchedPTR exampler destroyed.

SIS:     08-Feb-2006 14:07:22 cSchedPTR exampler destroyed.

SIS:     08-Feb-2006 14:07:22 cSchedPTR exampler destroyed.

SIS:     08-Feb-2006 14:07:22 cSchedPTR exampler destroyed.

SIS:     08-Feb-2006 14:07:22 cSchedPTR exampler destroyed.

SIS:     08-Feb-2006 14:07:22 cSchedPTR exampler destroyed.

SIS:     08-Feb-2006 14:07:22 cSchedPTR exampler destroyed.

SIS:     08-Feb-2006 14:07:22 cSchedPTR exampler destroyed.

SIS:     08-Feb-2006 14:07:22 cSchedPTR exampler destroyed.

SIS:     08-Feb-2006 14:07:22 cSchedPTR exampler destroyed.

SIS:     08-Feb-2006 14:07:22 cSchedPTR exampler destroyed.

SIS:     08-Feb-2006 14:07:22 cSchedPTR exampler destroyed.

SIS:     08-Feb-2006 14:07:22 cSchedPTR exampler destroyed.

SIS:     08-Feb-2006 14:07:22 cSheduler exampler destroyed.

SIS:     08-Feb-2006 14:08:04 cFDPTR exampler created.

SIS:     08-Feb-2006 14:08:04 cFDPTR exampler created.

SIS:     08-Feb-2006 14:08:04 cSheduler exampler created.

SIS:     08-Feb-2006 14:08:04 cSchedPTR exampler created.

SIS:     08-Feb-2006 14:08:04 cFDPTR exampler created.

SIS:     08-Feb-2006 14:08:04 cCalculator exampler created.

SIS:     08-Feb-2006 14:08:14 cSchedPTR exampler created.

SIS:     08-Feb-2006 14:08:14 cSchedPTR exampler created.

SIS:     08-Feb-2006 14:08:14 cSchedPTR exampler created.

SIS:     08-Feb-2006 14:08:14 cSchedPTR exampler created.

SIS:     08-Feb-2006 14:08:14 cSchedPTR exampler created.

SIS:     08-Feb-2006 14:08:14 cSchedPTR exampler created.

SIS:     08-Feb-2006 14:08:14 cSchedPTR exampler created.

SIS:     08-Feb-2006 14:08:14 cSchedPTR exampler created.

SIS:     08-Feb-2006 14:08:14 cSchedPTR exampler created.

SIS:     08-Feb-2006 14:08:14 cSchedPTR exampler created.

SIS:     08-Feb-2006 14:08:14 cSchedPTR exampler created.

SIS:     08-Feb-2006 14:08:14 cSchedPTR exampler created.

SIS:     08-Feb-2006 14:08:14 cSchedPTR exampler created.

SIS:     08-Feb-2006 14:08:14 cSchedPTR exampler created.

SIS:     08-Feb-2006 14:08:14 cSchedPTR exampler created.

SIS:     08-Feb-2006 14:08:14 cSchedPTR exampler created.

SIS:     08-Feb-2006 14:08:14 cSchedPTR exampler created.

SIS:     08-Feb-2006 14:08:14 cFormula exampler created.

SIS:     08-Feb-2006 14:08:14 cFormula exampler created.

SIS:     08-Feb-2006 14:08:14 cFormula exampler created.

SIS:     08-Feb-2006 14:08:14 cFormula exampler created.

SIS:     08-Feb-2006 14:08:14 cFormula exampler created.

SIS:     08-Feb-2006 14:08:14 cFormula exampler created.

SIS:     08-Feb-2006 14:08:14 cFormula exampler created.

SIS:     08-Feb-2006 14:08:14 cFormula exampler created.

SIS:     08-Feb-2006 14:08:14 cFormula exampler created.

SIS:     08-Feb-2006 14:08:14 cFormula exampler created.

SIS:     08-Feb-2006 14:08:14 cFormula exampler created.

SIS:     08-Feb-2006 14:08:14 cFormula exampler created.

SIS:     08-Feb-2006 14:08:14 cFormula exampler created.

SIS:     08-Feb-2006 14:08:14 cFormula exampler created.

SIS:     08-Feb-2006 14:08:14 cFormula exampler created.

SIS:     08-Feb-2006 14:08:14 cFormula exampler created.

SIS:     08-Feb-2006 14:08:14 cFormula exampler created.

SIS:     08-Feb-2006 14:08:14 cFDPTR exampler created.

SIS:     08-Feb-2006 14:08:34 cFDPTR exampler created.

SIS:     08-Feb-2006 14:08:34 cFDPTR exampler created.

SIS:     08-Feb-2006 14:08:34 cFDPTR exampler created.

SIS:     08-Feb-2006 14:08:51 Error during calculation! Formula:  17 Line:  12 VB Error: -2147417851 Err descr.: Automation error
The server threw an exception.  Polling String: cFDPTR0010188008CP_H1_1:007CPA1RPT010DB118,X0.3003BIT003281008CP_H1_1:007CPA1RPT011DB124,DINT0004LONG003282008CP_H1_1:007CPA1RPT010DB118,X0.4003BIT003287008CP_H1_1:007CPA1RPT011DB125,DINT0004LONG003288000000000000018281; 282; 287; 288005Group006string01902/08/2006 14:08:1301902/08/2006 14:08:13003SGR003386003386000 Value String: 

SIS:     08-Feb-2006 14:09:52 Error during calculation! Formula:  17 Line:  10 VB Error: -2147417851 Err descr.: Automation error
The server threw an exception.  Polling String: cFDPTR0010309008CP_H1_1:007CPB1RPT013DB120,REAL106005FLOAT003713008CP_H1_1:007CPB1RPT013DB120,REAL110005FLOAT003714008CP_H1_1:007CPB1RPT013DB120,DINT114004LONG003715008CP_H1_1:007CPB1RPT013DB120,B118,10009STRING*10003716008CP_H1_1:007CPB1RPT013DB120,REAL128005FLOAT003717008CP_H1_1:007CPB1RPT013DB120,REAL132005FLOAT003718000000000000028713; 714; 715; 716; 717; 718005Group006string01902/08/2006 14:08:3401902/08/2006 14:08:35003SGR0037190037190700037130020.0037140020.00371500100037160000037170021.0037180093.4000001 Value String: 0037130020.0037140020.00371500100037160000037170021.0037180093.4000001

SIS:     08-Feb-2006 14:09:58 cFDPTR exampler destroyed.

SIS:     08-Feb-2006 14:10:02 cFDPTR exampler destroyed.

SIS:     08-Feb-2006 14:10:02 cSchedPTR exampler destroyed.

SIS:     08-Feb-2006 14:10:02 cFormula exampler destroyed.

SIS:     08-Feb-2006 14:10:02 cFormula exampler destroyed.

SIS:     08-Feb-2006 14:10:02 cFormula exampler destroyed.

SIS:     08-Feb-2006 14:10:02 cFormula exampler destroyed.

SIS:     08-Feb-2006 14:10:02 cFormula exampler destroyed.

SIS:     08-Feb-2006 14:10:02 cFormula exampler destroyed.

SIS:     08-Feb-2006 14:10:02 cFormula exampler destroyed.

SIS:     08-Feb-2006 14:10:02 cFormula exampler destroyed.

SIS:     08-Feb-2006 14:10:02 cFormula exampler destroyed.

SIS:     08-Feb-2006 14:10:02 cFormula exampler destroyed.

SIS:     08-Feb-2006 14:10:02 cFormula exampler destroyed.

SIS:     08-Feb-2006 14:10:02 cFormula exampler destroyed.

SIS:     08-Feb-2006 14:10:02 cFormula exampler destroyed.

SIS:     08-Feb-2006 14:10:02 cFormula exampler destroyed.

SIS:     08-Feb-2006 14:10:02 cFormula exampler destroyed.

SIS:     08-Feb-2006 14:10:02 cFormula exampler destroyed.

SIS:     08-Feb-2006 14:10:02 cFormula exampler destroyed.

SIS:     08-Feb-2006 14:10:02 cFDPTR exampler destroyed.

SIS:     08-Feb-2006 14:10:02 cFDPTR exampler destroyed.

SIS:     08-Feb-2006 14:10:02 cFDPTR exampler destroyed.

SIS:     08-Feb-2006 14:10:02 cCalculator exampler destroyed.

SIS:     08-Feb-2006 14:10:02 cFDPTR exampler destroyed.

SIS:     08-Feb-2006 14:10:02 cFDPTR exampler destroyed.

SIS:     08-Feb-2006 14:10:02 cSchedPTR exampler destroyed.

SIS:     08-Feb-2006 14:10:02 cSchedPTR exampler destroyed.

SIS:     08-Feb-2006 14:10:02 cSchedPTR exampler destroyed.

SIS:     08-Feb-2006 14:10:02 cSchedPTR exampler destroyed.

SIS:     08-Feb-2006 14:10:02 cSchedPTR exampler destroyed.

SIS:     08-Feb-2006 14:10:02 cSchedPTR exampler destroyed.

SIS:     08-Feb-2006 14:10:02 cSchedPTR exampler destroyed.

SIS:     08-Feb-2006 14:10:02 cSchedPTR exampler destroyed.

SIS:     08-Feb-2006 14:10:02 cSchedPTR exampler destroyed.

SIS:     08-Feb-2006 14:10:02 cSchedPTR exampler destroyed.

SIS:     08-Feb-2006 14:10:02 cSchedPTR exampler destroyed.

SIS:     08-Feb-2006 14:10:02 cSchedPTR exampler destroyed.

SIS:     08-Feb-2006 14:10:02 cSchedPTR exampler destroyed.

SIS:     08-Feb-2006 14:10:02 cSchedPTR exampler destroyed.

SIS:     08-Feb-2006 14:10:02 cSchedPTR exampler destroyed.

SIS:     08-Feb-2006 14:10:02 cSchedPTR exampler destroyed.

SIS:     08-Feb-2006 14:10:02 cSchedPTR exampler destroyed.

SIS:     08-Feb-2006 14:10:02 cSheduler exampler destroyed.

SIS:     08-Feb-2006 14:15:19 cFDPTR exampler created.

SIS:     08-Feb-2006 14:15:19 cFDPTR exampler created.

SIS:     08-Feb-2006 14:15:19 cSheduler exampler created.

SIS:     08-Feb-2006 14:15:19 cSchedPTR exampler created.

SIS:     08-Feb-2006 14:15:19 cFDPTR exampler created.

SIS:     08-Feb-2006 14:15:19 cCalculator exampler created.

SIS:     08-Feb-2006 14:15:30 cSchedPTR exampler created.

SIS:     08-Feb-2006 14:15:30 cSchedPTR exampler created.

SIS:     08-Feb-2006 14:15:30 cSchedPTR exampler created.

SIS:     08-Feb-2006 14:15:30 cSchedPTR exampler created.

SIS:     08-Feb-2006 14:15:30 cSchedPTR exampler created.

SIS:     08-Feb-2006 14:15:30 cSchedPTR exampler created.

SIS:     08-Feb-2006 14:15:30 cSchedPTR exampler created.

SIS:     08-Feb-2006 14:15:30 cSchedPTR exampler created.

SIS:     08-Feb-2006 14:15:30 cSchedPTR exampler created.

SIS:     08-Feb-2006 14:15:30 cSchedPTR exampler created.

SIS:     08-Feb-2006 14:15:30 cSchedPTR exampler created.

SIS:     08-Feb-2006 14:15:30 cSchedPTR exampler created.

SIS:     08-Feb-2006 14:15:30 cSchedPTR exampler created.

SIS:     08-Feb-2006 14:15:30 cSchedPTR exampler created.

SIS:     08-Feb-2006 14:15:30 cSchedPTR exampler created.

SIS:     08-Feb-2006 14:15:30 cSchedPTR exampler created.

SIS:     08-Feb-2006 14:15:30 cSchedPTR exampler created.

SIS:     08-Feb-2006 14:15:30 cFormula exampler created.

SIS:     08-Feb-2006 14:15:30 cFormula exampler created.

SIS:     08-Feb-2006 14:15:30 cFormula exampler created.

SIS:     08-Feb-2006 14:15:30 cFormula exampler created.

SIS:     08-Feb-2006 14:15:30 cFormula exampler created.

SIS:     08-Feb-2006 14:15:30 cFormula exampler created.

SIS:     08-Feb-2006 14:15:30 cFormula exampler created.

SIS:     08-Feb-2006 14:15:30 cFormula exampler created.

SIS:     08-Feb-2006 14:15:30 cFormula exampler created.

SIS:     08-Feb-2006 14:15:30 cFormula exampler created.

SIS:     08-Feb-2006 14:15:30 cFormula exampler created.

SIS:     08-Feb-2006 14:15:30 cFormula exampler created.

SIS:     08-Feb-2006 14:15:30 cFormula exampler created.

SIS:     08-Feb-2006 14:15:30 cFormula exampler created.

SIS:     08-Feb-2006 14:15:30 cFormula exampler created.

SIS:     08-Feb-2006 14:15:30 cFormula exampler created.

SIS:     08-Feb-2006 14:15:30 cFormula exampler created.

SIS:     08-Feb-2006 14:15:30 cFDPTR exampler created.

SIS:     08-Feb-2006 14:15:50 cFDPTR exampler created.

SIS:     08-Feb-2006 14:15:50 cFDPTR exampler created.

SIS:     08-Feb-2006 14:15:50 cFDPTR exampler created.

SIS:     08-Feb-2006 14:15:52 Error during calculation! Formula:  17 Line:  12 VB Error: -2147417851 Err descr.: Method 'RW_FDatum' of object '_cAFDR' failed Polling String: cFDPTR0010188008CP_H1_1:007CPA1RPT010DB118,X0.3003BIT003281008CP_H1_1:007CPA1RPT011DB124,DINT0004LONG003282008CP_H1_1:007CPA1RPT010DB118,X0.4003BIT003287008CP_H1_1:007CPA1RPT011DB125,DINT0004LONG003288000000000000018281; 282; 287; 288005Group006string01902/08/2006 14:15:2901902/08/2006 14:15:29003SGR003386003386000 Value String: 

SIS:     08-Feb-2006 14:16:06 cFDPTR exampler destroyed.

SIS:     08-Feb-2006 14:16:10 cFDPTR exampler destroyed.

SIS:     08-Feb-2006 14:16:10 cSchedPTR exampler destroyed.

SIS:     08-Feb-2006 14:16:10 cFormula exampler destroyed.

SIS:     08-Feb-2006 14:16:10 cFormula exampler destroyed.

SIS:     08-Feb-2006 14:16:10 cFormula exampler destroyed.

SIS:     08-Feb-2006 14:16:10 cFormula exampler destroyed.

SIS:     08-Feb-2006 14:16:10 cFormula exampler destroyed.

SIS:     08-Feb-2006 14:16:10 cFormula exampler destroyed.

SIS:     08-Feb-2006 14:16:10 cFormula exampler destroyed.

SIS:     08-Feb-2006 14:16:10 cFormula exampler destroyed.

SIS:     08-Feb-2006 14:16:10 cFormula exampler destroyed.

SIS:     08-Feb-2006 14:16:10 cFormula exampler destroyed.

SIS:     08-Feb-2006 14:16:10 cFormula exampler destroyed.

SIS:     08-Feb-2006 14:16:10 cFormula exampler destroyed.

SIS:     08-Feb-2006 14:16:10 cFormula exampler destroyed.

SIS:     08-Feb-2006 14:16:10 cFormula exampler destroyed.

SIS:     08-Feb-2006 14:16:10 cFormula exampler destroyed.

SIS:     08-Feb-2006 14:16:10 cFormula exampler destroyed.

SIS:     08-Feb-2006 14:16:10 cFormula exampler destroyed.

SIS:     08-Feb-2006 14:16:10 cFDPTR exampler destroyed.

SIS:     08-Feb-2006 14:16:10 cFDPTR exampler destroyed.

SIS:     08-Feb-2006 14:16:10 cFDPTR exampler destroyed.

SIS:     08-Feb-2006 14:16:10 cCalculator exampler destroyed.

SIS:     08-Feb-2006 14:16:10 cFDPTR exampler destroyed.

SIS:     08-Feb-2006 14:16:10 cFDPTR exampler destroyed.

SIS:     08-Feb-2006 14:16:10 cSchedPTR exampler destroyed.

SIS:     08-Feb-2006 14:16:10 cSchedPTR exampler destroyed.

SIS:     08-Feb-2006 14:16:10 cSchedPTR exampler destroyed.

SIS:     08-Feb-2006 14:16:10 cSchedPTR exampler destroyed.

SIS:     08-Feb-2006 14:16:10 cSchedPTR exampler destroyed.

SIS:     08-Feb-2006 14:16:10 cSchedPTR exampler destroyed.

SIS:     08-Feb-2006 14:16:10 cSchedPTR exampler destroyed.

SIS:     08-Feb-2006 14:16:10 cSchedPTR exampler destroyed.

SIS:     08-Feb-2006 14:16:10 cSchedPTR exampler destroyed.

SIS:     08-Feb-2006 14:16:10 cSchedPTR exampler destroyed.

SIS:     08-Feb-2006 14:16:10 cSchedPTR exampler destroyed.

SIS:     08-Feb-2006 14:16:10 cSchedPTR exampler destroyed.

SIS:     08-Feb-2006 14:16:10 cSchedPTR exampler destroyed.

SIS:     08-Feb-2006 14:16:10 cSchedPTR exampler destroyed.

SIS:     08-Feb-2006 14:16:10 cSchedPTR exampler destroyed.

SIS:     08-Feb-2006 14:16:10 cSchedPTR exampler destroyed.

SIS:     08-Feb-2006 14:16:10 cSchedPTR exampler destroyed.

SIS:     08-Feb-2006 14:16:10 cSheduler exampler destroyed.

SIS:     08-Feb-2006 14:20:09 cFDPTR exampler created.

SIS:     08-Feb-2006 14:20:09 cFDPTR exampler created.

SIS:     08-Feb-2006 14:20:09 cSheduler exampler created.

SIS:     08-Feb-2006 14:20:09 cSchedPTR exampler created.

SIS:     08-Feb-2006 14:20:09 cFDPTR exampler created.

SIS:     08-Feb-2006 14:20:09 cCalculator exampler created.

SIS:     08-Feb-2006 14:20:20 cSchedPTR exampler created.

SIS:     08-Feb-2006 14:20:20 cSchedPTR exampler created.

SIS:     08-Feb-2006 14:20:20 cSchedPTR exampler created.

SIS:     08-Feb-2006 14:20:20 cSchedPTR exampler created.

SIS:     08-Feb-2006 14:20:20 cSchedPTR exampler created.

SIS:     08-Feb-2006 14:20:20 cSchedPTR exampler created.

SIS:     08-Feb-2006 14:20:20 cSchedPTR exampler created.

SIS:     08-Feb-2006 14:20:20 cSchedPTR exampler created.

SIS:     08-Feb-2006 14:20:20 cSchedPTR exampler created.

SIS:     08-Feb-2006 14:20:20 cSchedPTR exampler created.

SIS:     08-Feb-2006 14:20:20 cSchedPTR exampler created.

SIS:     08-Feb-2006 14:20:20 cSchedPTR exampler created.

SIS:     08-Feb-2006 14:20:20 cSchedPTR exampler created.

SIS:     08-Feb-2006 14:20:20 cSchedPTR exampler created.

SIS:     08-Feb-2006 14:20:20 cSchedPTR exampler created.

SIS:     08-Feb-2006 14:20:20 cSchedPTR exampler created.

SIS:     08-Feb-2006 14:20:20 cSchedPTR exampler created.

SIS:     08-Feb-2006 14:20:20 cFormula exampler created.

SIS:     08-Feb-2006 14:20:20 cFormula exampler created.

SIS:     08-Feb-2006 14:20:20 cFormula exampler created.

SIS:     08-Feb-2006 14:20:20 cFormula exampler created.

SIS:     08-Feb-2006 14:20:20 cFormula exampler created.

SIS:     08-Feb-2006 14:20:20 cFormula exampler created.

SIS:     08-Feb-2006 14:20:20 cFormula exampler created.

SIS:     08-Feb-2006 14:20:20 cFormula exampler created.

SIS:     08-Feb-2006 14:20:20 cFormula exampler created.

SIS:     08-Feb-2006 14:20:20 cFormula exampler created.

SIS:     08-Feb-2006 14:20:20 cFormula exampler created.

SIS:     08-Feb-2006 14:20:20 cFormula exampler created.

SIS:     08-Feb-2006 14:20:20 cFormula exampler created.

SIS:     08-Feb-2006 14:20:20 cFormula exampler created.

SIS:     08-Feb-2006 14:20:20 cFormula exampler created.

SIS:     08-Feb-2006 14:20:20 cFormula exampler created.

SIS:     08-Feb-2006 14:20:20 cFormula exampler created.

SIS:     08-Feb-2006 14:20:20 cFDPTR exampler created.

SIS:     08-Feb-2006 14:20:40 cFDPTR exampler created.

SIS:     08-Feb-2006 14:20:40 cFDPTR exampler created.

SIS:     08-Feb-2006 14:20:40 cFDPTR exampler created.

SIS:     08-Feb-2006 14:20:41 Error during calculation! Formula:  17 Line:  12 VB Error: -2147417851 Err descr.: Method 'RW_FDatum' of object '_cAFDR' failed Polling String: cFDPTR0010188008CP_H1_1:007CPA1RPT010DB118,X0.3003BIT003281008CP_H1_1:007CPA1RPT011DB124,DINT0004LONG003282008CP_H1_1:007CPA1RPT010DB118,X0.4003BIT003287008CP_H1_1:007CPA1RPT011DB125,DINT0004LONG003288000000000000018281; 282; 287; 288005Group006string01902/08/2006 14:20:1901902/08/2006 14:20:19003SGR003386003386000 Value String: 

SIS:     08-Feb-2006 14:20:51 cFDPTR exampler destroyed.

SIS:     08-Feb-2006 14:20:55 cFDPTR exampler destroyed.

SIS:     08-Feb-2006 14:20:55 cSchedPTR exampler destroyed.

SIS:     08-Feb-2006 14:20:55 cFormula exampler destroyed.

SIS:     08-Feb-2006 14:20:55 cFormula exampler destroyed.

SIS:     08-Feb-2006 14:20:55 cFormula exampler destroyed.

SIS:     08-Feb-2006 14:20:55 cFormula exampler destroyed.

SIS:     08-Feb-2006 14:20:55 cFormula exampler destroyed.

SIS:     08-Feb-2006 14:20:55 cFormula exampler destroyed.

SIS:     08-Feb-2006 14:20:55 cFormula exampler destroyed.

SIS:     08-Feb-2006 14:20:55 cFormula exampler destroyed.

SIS:     08-Feb-2006 14:20:55 cFormula exampler destroyed.

SIS:     08-Feb-2006 14:20:55 cFormula exampler destroyed.

SIS:     08-Feb-2006 14:20:55 cFormula exampler destroyed.

SIS:     08-Feb-2006 14:20:55 cFormula exampler destroyed.

SIS:     08-Feb-2006 14:20:55 cFormula exampler destroyed.

SIS:     08-Feb-2006 14:20:55 cFormula exampler destroyed.

SIS:     08-Feb-2006 14:20:55 cFormula exampler destroyed.

SIS:     08-Feb-2006 14:20:55 cFormula exampler destroyed.

SIS:     08-Feb-2006 14:20:55 cFormula exampler destroyed.

SIS:     08-Feb-2006 14:20:55 cFDPTR exampler destroyed.

SIS:     08-Feb-2006 14:20:55 cFDPTR exampler destroyed.

SIS:     08-Feb-2006 14:20:55 cFDPTR exampler destroyed.

SIS:     08-Feb-2006 14:20:55 cCalculator exampler destroyed.

SIS:     08-Feb-2006 14:20:55 cFDPTR exampler destroyed.

SIS:     08-Feb-2006 14:20:55 cFDPTR exampler destroyed.

SIS:     08-Feb-2006 14:20:55 cSchedPTR exampler destroyed.

SIS:     08-Feb-2006 14:20:55 cSchedPTR exampler destroyed.

SIS:     08-Feb-2006 14:20:55 cSchedPTR exampler destroyed.

SIS:     08-Feb-2006 14:20:55 cSchedPTR exampler destroyed.

SIS:     08-Feb-2006 14:20:55 cSchedPTR exampler destroyed.

SIS:     08-Feb-2006 14:20:55 cSchedPTR exampler destroyed.

SIS:     08-Feb-2006 14:20:55 cSchedPTR exampler destroyed.

SIS:     08-Feb-2006 14:20:55 cSchedPTR exampler destroyed.

SIS:     08-Feb-2006 14:20:55 cSchedPTR exampler destroyed.

SIS:     08-Feb-2006 14:20:55 cSchedPTR exampler destroyed.

SIS:     08-Feb-2006 14:20:55 cSchedPTR exampler destroyed.

SIS:     08-Feb-2006 14:20:55 cSchedPTR exampler destroyed.

SIS:     08-Feb-2006 14:20:55 cSchedPTR exampler destroyed.

SIS:     08-Feb-2006 14:20:55 cSchedPTR exampler destroyed.

SIS:     08-Feb-2006 14:20:55 cSchedPTR exampler destroyed.

SIS:     08-Feb-2006 14:20:55 cSchedPTR exampler destroyed.

SIS:     08-Feb-2006 14:20:55 cSchedPTR exampler destroyed.

SIS:     08-Feb-2006 14:20:55 cSheduler exampler destroyed.

SIS:     08-Feb-2006 14:47:23 cFDPTR exampler created.

SIS:     08-Feb-2006 14:47:23 cFDPTR exampler created.

SIS:     08-Feb-2006 14:47:23 cSheduler exampler created.

SIS:     08-Feb-2006 14:47:23 cSchedPTR exampler created.

SIS:     08-Feb-2006 14:47:23 cFDPTR exampler created.

SIS:     08-Feb-2006 14:47:23 cCalculator exampler created.

SIS:     08-Feb-2006 14:47:33 cSchedPTR exampler created.

SIS:     08-Feb-2006 14:47:33 cSchedPTR exampler created.

SIS:     08-Feb-2006 14:47:33 cSchedPTR exampler created.

SIS:     08-Feb-2006 14:47:33 cSchedPTR exampler created.

SIS:     08-Feb-2006 14:47:33 cSchedPTR exampler created.

SIS:     08-Feb-2006 14:47:33 cSchedPTR exampler created.

SIS:     08-Feb-2006 14:47:33 cSchedPTR exampler created.

SIS:     08-Feb-2006 14:47:33 cSchedPTR exampler created.

SIS:     08-Feb-2006 14:47:33 cSchedPTR exampler created.

SIS:     08-Feb-2006 14:47:33 cSchedPTR exampler created.

SIS:     08-Feb-2006 14:47:33 cSchedPTR exampler created.

SIS:     08-Feb-2006 14:47:33 cSchedPTR exampler created.

SIS:     08-Feb-2006 14:47:33 cSchedPTR exampler created.

SIS:     08-Feb-2006 14:47:33 cSchedPTR exampler created.

SIS:     08-Feb-2006 14:47:33 cSchedPTR exampler created.

SIS:     08-Feb-2006 14:47:33 cSchedPTR exampler created.

SIS:     08-Feb-2006 14:47:33 cSchedPTR exampler created.

SIS:     08-Feb-2006 14:47:33 cFormula exampler created.

SIS:     08-Feb-2006 14:47:33 cFormula exampler created.

SIS:     08-Feb-2006 14:47:33 cFormula exampler created.

SIS:     08-Feb-2006 14:47:33 cFormula exampler created.

SIS:     08-Feb-2006 14:47:33 cFormula exampler created.

SIS:     08-Feb-2006 14:47:33 cFormula exampler created.

SIS:     08-Feb-2006 14:47:33 cFormula exampler created.

SIS:     08-Feb-2006 14:47:33 cFormula exampler created.

SIS:     08-Feb-2006 14:47:33 cFormula exampler created.

SIS:     08-Feb-2006 14:47:33 cFormula exampler created.

SIS:     08-Feb-2006 14:47:33 cFormula exampler created.

SIS:     08-Feb-2006 14:47:33 cFormula exampler created.

SIS:     08-Feb-2006 14:47:33 cFormula exampler created.

SIS:     08-Feb-2006 14:47:33 cFormula exampler created.

SIS:     08-Feb-2006 14:47:33 cFormula exampler created.

SIS:     08-Feb-2006 14:47:33 cFormula exampler created.

SIS:     08-Feb-2006 14:47:33 cFormula exampler created.

SIS:     08-Feb-2006 14:47:33 cFDPTR exampler created.

SIS:     08-Feb-2006 14:47:53 cFDPTR exampler created.

SIS:     08-Feb-2006 14:47:53 cFDPTR exampler created.

SIS:     08-Feb-2006 14:47:53 cFDPTR exampler created.

SIS:     08-Feb-2006 14:47:54 Error during calculation! Formula:  17 Line:  12 VB Error: -2147417851 Err descr.: Method 'RW_FDatum' of object '_cAFDR' failed Polling String: cFDPTR0010188008CP_H1_1:007CPA1RPT010DB118,X0.3003BIT003281008CP_H1_1:007CPA1RPT011DB124,DINT0004LONG003282008CP_H1_1:007CPA1RPT010DB118,X0.4003BIT003287008CP_H1_1:007CPA1RPT011DB125,DINT0004LONG003288000000000000018281; 282; 287; 288005Group006string01902/08/2006 14:47:3201902/08/2006 14:47:32003SGR003386003386000 Value String: 

SIS:     08-Feb-2006 14:48:15 Error during calculation! Formula:  17 Line:  10 VB Error: -2147417851 Err descr.: Method 'RW_FDatum' of object '_cAFDR' failed Polling String: cFDPTR0010309008CP_H1_1:007CPB1RPT013DB120,REAL106005FLOAT003713008CP_H1_1:007CPB1RPT013DB120,REAL110005FLOAT003714008CP_H1_1:007CPB1RPT013DB120,DINT114004LONG003715008CP_H1_1:007CPB1RPT013DB120,B118,10009STRING*10003716008CP_H1_1:007CPB1RPT013DB120,REAL128005FLOAT003717008CP_H1_1:007CPB1RPT013DB120,REAL132005FLOAT003718000000000000028713; 714; 715; 716; 717; 718005Group006string01902/08/2006 14:47:5301902/08/2006 14:47:54003SGR0037190037190700037130020.0037140020.00371500100037160000037170021.0037180093.4000001 Value String: 0037130020.0037140020.00371500100037160000037170021.0037180093.4000001

SIS:     08-Feb-2006 14:48:19 cFDPTR exampler destroyed.

SIS:     08-Feb-2006 14:48:23 cFDPTR exampler destroyed.

SIS:     08-Feb-2006 14:48:23 cSchedPTR exampler destroyed.

SIS:     08-Feb-2006 14:48:23 cFormula exampler destroyed.

SIS:     08-Feb-2006 14:48:23 cFormula exampler destroyed.

SIS:     08-Feb-2006 14:48:23 cFormula exampler destroyed.

SIS:     08-Feb-2006 14:48:23 cFormula exampler destroyed.

SIS:     08-Feb-2006 14:48:23 cFormula exampler destroyed.

SIS:     08-Feb-2006 14:48:23 cFormula exampler destroyed.

SIS:     08-Feb-2006 14:48:23 cFormula exampler destroyed.

SIS:     08-Feb-2006 14:48:23 cFormula exampler destroyed.

SIS:     08-Feb-2006 14:48:23 cFormula exampler destroyed.

SIS:     08-Feb-2006 14:48:23 cFormula exampler destroyed.

SIS:     08-Feb-2006 14:48:23 cFormula exampler destroyed.

SIS:     08-Feb-2006 14:48:23 cFormula exampler destroyed.

SIS:     08-Feb-2006 14:48:23 cFormula exampler destroyed.

SIS:     08-Feb-2006 14:48:23 cFormula exampler destroyed.

SIS:     08-Feb-2006 14:48:23 cFormula exampler destroyed.

SIS:     08-Feb-2006 14:48:23 cFormula exampler destroyed.

SIS:     08-Feb-2006 14:48:23 cFormula exampler destroyed.

SIS:     08-Feb-2006 14:48:23 cFDPTR exampler destroyed.

SIS:     08-Feb-2006 14:48:23 cFDPTR exampler destroyed.

SIS:     08-Feb-2006 14:48:23 cFDPTR exampler destroyed.

SIS:     08-Feb-2006 14:48:23 cCalculator exampler destroyed.

SIS:     08-Feb-2006 14:48:23 cFDPTR exampler destroyed.

SIS:     08-Feb-2006 14:48:23 cFDPTR exampler destroyed.

SIS:     08-Feb-2006 14:48:23 cSchedPTR exampler destroyed.

SIS:     08-Feb-2006 14:48:23 cSchedPTR exampler destroyed.

SIS:     08-Feb-2006 14:48:23 cSchedPTR exampler destroyed.

SIS:     08-Feb-2006 14:48:23 cSchedPTR exampler destroyed.

SIS:     08-Feb-2006 14:48:23 cSchedPTR exampler destroyed.

SIS:     08-Feb-2006 14:48:23 cSchedPTR exampler destroyed.

SIS:     08-Feb-2006 14:48:23 cSchedPTR exampler destroyed.

SIS:     08-Feb-2006 14:48:23 cSchedPTR exampler destroyed.

SIS:     08-Feb-2006 14:48:23 cSchedPTR exampler destroyed.

SIS:     08-Feb-2006 14:48:23 cSchedPTR exampler destroyed.

SIS:     08-Feb-2006 14:48:23 cSchedPTR exampler destroyed.

SIS:     08-Feb-2006 14:48:23 cSchedPTR exampler destroyed.

SIS:     08-Feb-2006 14:48:23 cSchedPTR exampler destroyed.

SIS:     08-Feb-2006 14:48:23 cSchedPTR exampler destroyed.

SIS:     08-Feb-2006 14:48:23 cSchedPTR exampler destroyed.

SIS:     08-Feb-2006 14:48:23 cSchedPTR exampler destroyed.

SIS:     08-Feb-2006 14:48:23 cSchedPTR exampler destroyed.

SIS:     08-Feb-2006 14:48:23 cSheduler exampler destroyed.

SIS:     08-Feb-2006 14:48:53 cFDPTR exampler created.

SIS:     08-Feb-2006 14:48:53 cFDPTR exampler created.

SIS:     08-Feb-2006 14:48:53 cSheduler exampler created.

SIS:     08-Feb-2006 14:48:53 cSchedPTR exampler created.

SIS:     08-Feb-2006 14:48:53 cFDPTR exampler created.

SIS:     08-Feb-2006 14:48:53 cCalculator exampler created.

SIS:     08-Feb-2006 14:49:03 cSchedPTR exampler created.

SIS:     08-Feb-2006 14:49:03 cSchedPTR exampler created.

SIS:     08-Feb-2006 14:49:03 cSchedPTR exampler created.

SIS:     08-Feb-2006 14:49:03 cSchedPTR exampler created.

SIS:     08-Feb-2006 14:49:03 cSchedPTR exampler created.

SIS:     08-Feb-2006 14:49:03 cSchedPTR exampler created.

SIS:     08-Feb-2006 14:49:03 cSchedPTR exampler created.

SIS:     08-Feb-2006 14:49:03 cSchedPTR exampler created.

SIS:     08-Feb-2006 14:49:03 cSchedPTR exampler created.

SIS:     08-Feb-2006 14:49:03 cSchedPTR exampler created.

SIS:     08-Feb-2006 14:49:03 cSchedPTR exampler created.

SIS:     08-Feb-2006 14:49:03 cSchedPTR exampler created.

SIS:     08-Feb-2006 14:49:03 cSchedPTR exampler created.

SIS:     08-Feb-2006 14:49:03 cSchedPTR exampler created.

SIS:     08-Feb-2006 14:49:03 cSchedPTR exampler created.

SIS:     08-Feb-2006 14:49:03 cSchedPTR exampler created.

SIS:     08-Feb-2006 14:49:03 cSchedPTR exampler created.

SIS:     08-Feb-2006 14:49:03 cFormula exampler created.

SIS:     08-Feb-2006 14:49:03 cFormula exampler created.

SIS:     08-Feb-2006 14:49:03 cFormula exampler created.

SIS:     08-Feb-2006 14:49:03 cFormula exampler created.

SIS:     08-Feb-2006 14:49:03 cFormula exampler created.

SIS:     08-Feb-2006 14:49:03 cFormula exampler created.

SIS:     08-Feb-2006 14:49:03 cFormula exampler created.

SIS:     08-Feb-2006 14:49:03 cFormula exampler created.

SIS:     08-Feb-2006 14:49:03 cFormula exampler created.

SIS:     08-Feb-2006 14:49:03 cFormula exampler created.

SIS:     08-Feb-2006 14:49:03 cFormula exampler created.

SIS:     08-Feb-2006 14:49:03 cFormula exampler created.

SIS:     08-Feb-2006 14:49:03 cFormula exampler created.

SIS:     08-Feb-2006 14:49:03 cFormula exampler created.

SIS:     08-Feb-2006 14:49:03 cFormula exampler created.

SIS:     08-Feb-2006 14:49:03 cFormula exampler created.

SIS:     08-Feb-2006 14:49:03 cFormula exampler created.

SIS:     08-Feb-2006 14:49:03 cFDPTR exampler created.

SIS:     08-Feb-2006 14:49:23 cFDPTR exampler created.

SIS:     08-Feb-2006 14:49:23 cFDPTR exampler created.

SIS:     08-Feb-2006 14:49:23 cFDPTR exampler created.

SIS:     08-Feb-2006 14:49:24 Error during calculation! Formula:  17 Line:  12 VB Error: -2147417851 Err descr.: Method 'RW_FDatum' of object '_cAFDR' failed Polling String: cFDPTR0010188008CP_H1_1:007CPA1RPT010DB118,X0.3003BIT003281008CP_H1_1:007CPA1RPT011DB124,DINT0004LONG003282008CP_H1_1:007CPA1RPT010DB118,X0.4003BIT003287008CP_H1_1:007CPA1RPT011DB125,DINT0004LONG003288000000000000018281; 282; 287; 288005Group006string01902/08/2006 14:49:0201902/08/2006 14:49:02003SGR003386003386000 Value String: 

SIS:     08-Feb-2006 14:49:28 cFDPTR exampler destroyed.

SIS:     08-Feb-2006 14:49:32 cFDPTR exampler destroyed.

SIS:     08-Feb-2006 14:49:32 cSchedPTR exampler destroyed.

SIS:     08-Feb-2006 14:49:32 cFormula exampler destroyed.

SIS:     08-Feb-2006 14:49:32 cFormula exampler destroyed.

SIS:     08-Feb-2006 14:49:32 cFormula exampler destroyed.

SIS:     08-Feb-2006 14:49:32 cFormula exampler destroyed.

SIS:     08-Feb-2006 14:49:32 cFormula exampler destroyed.

SIS:     08-Feb-2006 14:49:32 cFormula exampler destroyed.

SIS:     08-Feb-2006 14:49:32 cFormula exampler destroyed.

SIS:     08-Feb-2006 14:49:32 cFormula exampler destroyed.

SIS:     08-Feb-2006 14:49:32 cFormula exampler destroyed.

SIS:     08-Feb-2006 14:49:32 cFormula exampler destroyed.

SIS:     08-Feb-2006 14:49:32 cFormula exampler destroyed.

SIS:     08-Feb-2006 14:49:32 cFormula exampler destroyed.

SIS:     08-Feb-2006 14:49:32 cFormula exampler destroyed.

SIS:     08-Feb-2006 14:49:32 cFormula exampler destroyed.

SIS:     08-Feb-2006 14:49:32 cFormula exampler destroyed.

SIS:     08-Feb-2006 14:49:32 cFormula exampler destroyed.

SIS:     08-Feb-2006 14:49:32 cFormula exampler destroyed.

SIS:     08-Feb-2006 14:49:32 cFDPTR exampler destroyed.

SIS:     08-Feb-2006 14:49:32 cFDPTR exampler destroyed.

SIS:     08-Feb-2006 14:49:32 cFDPTR exampler destroyed.

SIS:     08-Feb-2006 14:49:32 cCalculator exampler destroyed.

SIS:     08-Feb-2006 14:49:32 cFDPTR exampler destroyed.

SIS:     08-Feb-2006 14:49:32 cFDPTR exampler destroyed.

SIS:     08-Feb-2006 14:49:32 cSchedPTR exampler destroyed.

SIS:     08-Feb-2006 14:49:32 cSchedPTR exampler destroyed.

SIS:     08-Feb-2006 14:49:32 cSchedPTR exampler destroyed.

SIS:     08-Feb-2006 14:49:32 cSchedPTR exampler destroyed.

SIS:     08-Feb-2006 14:49:32 cSchedPTR exampler destroyed.

SIS:     08-Feb-2006 14:49:32 cSchedPTR exampler destroyed.

SIS:     08-Feb-2006 14:49:32 cSchedPTR exampler destroyed.

SIS:     08-Feb-2006 14:49:32 cSchedPTR exampler destroyed.

SIS:     08-Feb-2006 14:49:32 cSchedPTR exampler destroyed.

SIS:     08-Feb-2006 14:49:32 cSchedPTR exampler destroyed.

SIS:     08-Feb-2006 14:49:32 cSchedPTR exampler destroyed.

SIS:     08-Feb-2006 14:49:32 cSchedPTR exampler destroyed.

SIS:     08-Feb-2006 14:49:32 cSchedPTR exampler destroyed.

SIS:     08-Feb-2006 14:49:32 cSchedPTR exampler destroyed.

SIS:     08-Feb-2006 14:49:32 cSchedPTR exampler destroyed.

SIS:     08-Feb-2006 14:49:32 cSchedPTR exampler destroyed.

SIS:     08-Feb-2006 14:49:32 cSchedPTR exampler destroyed.

SIS:     08-Feb-2006 14:49:32 cSheduler exampler destroyed.

SIS:     21-Feb-2006 17:26:48 cFDPTR exampler created.

SIS:     21-Feb-2006 17:26:48 cFDPTR exampler created.

SIS:     21-Feb-2006 17:26:48 cSheduler exampler created.

SIS:     21-Feb-2006 17:26:48 cSchedPTR exampler created.

SIS:     21-Feb-2006 17:26:48 cFDPTR exampler created.

SIS:     21-Feb-2006 17:26:48 cCalculator exampler created.

SIS:     21-Feb-2006 17:26:56 cSchedPTR exampler created.

SIS:     21-Feb-2006 17:26:56 cFormula exampler created.

SIS:     21-Feb-2006 17:26:56 cFDPTR exampler created.

SIS:     21-Feb-2006 17:27:15 cFDPTR exampler created.

SIS:     21-Feb-2006 17:27:16 cFDPTR exampler created.

SIS:     21-Feb-2006 17:27:16 cFDPTR exampler created.

SIS:     21-Feb-2006 17:50:07 cFDPTR exampler destroyed.

SIS:     21-Feb-2006 17:50:11 cFDPTR exampler destroyed.

SIS:     21-Feb-2006 17:50:11 cSchedPTR exampler destroyed.

SIS:     21-Feb-2006 17:50:11 cFormula exampler destroyed.

SIS:     21-Feb-2006 17:50:11 cFDPTR exampler destroyed.

SIS:     21-Feb-2006 17:50:11 cFDPTR exampler destroyed.

SIS:     21-Feb-2006 17:50:11 cFDPTR exampler destroyed.

SIS:     21-Feb-2006 17:50:11 cCalculator exampler destroyed.

SIS:     21-Feb-2006 17:50:11 cFDPTR exampler destroyed.

SIS:     21-Feb-2006 17:50:11 cFDPTR exampler destroyed.

SIS:     21-Feb-2006 17:50:11 cSchedPTR exampler destroyed.

SIS:     21-Feb-2006 17:50:11 cSheduler exampler destroyed.

SIS:     22-Feb-2006 10:45:55 cFDPTR exampler created.

SIS:     22-Feb-2006 10:45:55 cFDPTR exampler created.

SIS:     22-Feb-2006 10:45:55 cSheduler exampler created.

SIS:     22-Feb-2006 10:45:55 cSchedPTR exampler created.

SIS:     22-Feb-2006 10:45:55 cFDPTR exampler created.

SIS:     22-Feb-2006 10:45:55 cCalculator exampler created.

SIS:     22-Feb-2006 10:48:32 cSchedPTR exampler created.

SIS:     22-Feb-2006 10:48:32 cSchedPTR exampler created.

SIS:     22-Feb-2006 10:48:32 cSchedPTR exampler created.

SIS:     22-Feb-2006 10:48:32 cFormula exampler created.

SIS:     22-Feb-2006 10:48:32 cFormula exampler created.

SIS:     22-Feb-2006 10:48:32 cFormula exampler created.

SIS:     22-Feb-2006 10:48:32 cFDPTR exampler created.

SIS:     22-Feb-2006 10:48:33 cFDPTR exampler created.

SIS:     22-Feb-2006 10:51:14 cFDPTR exampler created.

SIS:     22-Feb-2006 10:51:14 cFDPTR exampler created.

SIS:     22-Feb-2006 10:51:14 cSheduler exampler created.

SIS:     22-Feb-2006 10:51:14 cSchedPTR exampler created.

SIS:     22-Feb-2006 10:51:14 cFDPTR exampler created.

SIS:     22-Feb-2006 10:51:14 cCalculator exampler created.

SIS:     22-Feb-2006 10:51:22 cSchedPTR exampler created.

SIS:     22-Feb-2006 10:51:22 cSchedPTR exampler created.

SIS:     22-Feb-2006 10:51:22 cSchedPTR exampler created.

SIS:     22-Feb-2006 10:51:22 cFormula exampler created.

SIS:     22-Feb-2006 10:51:22 cFormula exampler created.

SIS:     22-Feb-2006 10:51:22 cFormula exampler created.

SIS:     22-Feb-2006 10:51:22 cFDPTR exampler created.

SIS:     22-Feb-2006 10:51:23 cFDPTR exampler created.

SIS:     22-Feb-2006 10:52:00 cFDPTR exampler created.

SIS:     22-Feb-2006 10:52:00 cFDPTR exampler created.

SIS:     22-Feb-2006 10:52:44 cFDPTR exampler destroyed.

SIS:     22-Feb-2006 10:52:54 cFDPTR exampler destroyed.

SIS:     22-Feb-2006 10:52:54 cSchedPTR exampler destroyed.

SIS:     22-Feb-2006 10:52:54 cFormula exampler destroyed.

SIS:     22-Feb-2006 10:52:54 cFormula exampler destroyed.

SIS:     22-Feb-2006 10:52:54 cFormula exampler destroyed.

SIS:     22-Feb-2006 10:52:54 cFDPTR exampler destroyed.

SIS:     22-Feb-2006 10:52:54 cFDPTR exampler destroyed.

SIS:     22-Feb-2006 10:52:54 cFDPTR exampler destroyed.

SIS:     22-Feb-2006 10:52:54 cCalculator exampler destroyed.

SIS:     22-Feb-2006 10:52:54 cFDPTR exampler destroyed.

SIS:     22-Feb-2006 10:52:54 cFDPTR exampler destroyed.

SIS:     22-Feb-2006 10:52:54 cSchedPTR exampler destroyed.

SIS:     22-Feb-2006 10:52:54 cSchedPTR exampler destroyed.

SIS:     22-Feb-2006 10:52:54 cSchedPTR exampler destroyed.

SIS:     22-Feb-2006 10:52:54 cSheduler exampler destroyed.

SIS:     22-Feb-2006 12:17:31 cFDPTR exampler created.

SIS:     22-Feb-2006 12:17:31 cFDPTR exampler created.

SIS:     22-Feb-2006 12:17:31 cSheduler exampler created.

SIS:     22-Feb-2006 12:17:31 cSchedPTR exampler created.

SIS:     22-Feb-2006 12:17:31 cFDPTR exampler created.

SIS:     22-Feb-2006 12:17:31 cCalculator exampler created.

SIS:     22-Feb-2006 12:17:39 cSchedPTR exampler created.

SIS:     22-Feb-2006 12:17:39 cFormula exampler created.

SIS:     22-Feb-2006 12:17:39 cFDPTR exampler created.

SIS:     22-Feb-2006 12:17:59 cFDPTR exampler created.

SIS:     22-Feb-2006 12:17:59 cFDPTR exampler created.

SIS:     22-Feb-2006 12:17:59 cFDPTR exampler created.

SIS:     22-Feb-2006 12:25:55 cFDPTR exampler destroyed.

SIS:     22-Feb-2006 12:28:48 cFDPTR exampler created.

SIS:     22-Feb-2006 12:28:48 cFDPTR exampler created.

SIS:     22-Feb-2006 12:28:48 cSheduler exampler created.

SIS:     22-Feb-2006 12:28:48 cSchedPTR exampler created.

SIS:     22-Feb-2006 12:28:48 cFDPTR exampler created.

SIS:     22-Feb-2006 12:28:48 cCalculator exampler created.

SIS:     22-Feb-2006 12:28:56 cSchedPTR exampler created.

SIS:     22-Feb-2006 12:28:56 cFormula exampler created.

SIS:     22-Feb-2006 12:28:56 cFDPTR exampler created.

SIS:     22-Feb-2006 12:29:16 cFDPTR exampler created.

SIS:     22-Feb-2006 12:29:16 cFDPTR exampler created.

SIS:     22-Feb-2006 12:29:16 cFDPTR exampler created.

SIS:     22-Feb-2006 12:33:42 cFDPTR exampler destroyed.

SIS:     22-Feb-2006 12:33:52 cFDPTR exampler destroyed.

SIS:     22-Feb-2006 12:33:52 cSchedPTR exampler destroyed.

SIS:     22-Feb-2006 12:33:52 cFormula exampler destroyed.

SIS:     22-Feb-2006 12:33:52 cFDPTR exampler destroyed.

SIS:     22-Feb-2006 12:33:52 cFDPTR exampler destroyed.

SIS:     22-Feb-2006 12:33:52 cFDPTR exampler destroyed.

SIS:     22-Feb-2006 12:33:52 cCalculator exampler destroyed.

SIS:     22-Feb-2006 12:33:52 cFDPTR exampler destroyed.

SIS:     22-Feb-2006 12:33:52 cFDPTR exampler destroyed.

SIS:     22-Feb-2006 12:33:52 cSchedPTR exampler destroyed.

SIS:     22-Feb-2006 12:33:52 cSheduler exampler destroyed.

SIS:     22-Feb-2006 13:03:37 cFDPTR exampler created.

SIS:     22-Feb-2006 13:03:37 cFDPTR exampler created.

SIS:     22-Feb-2006 13:03:37 cSheduler exampler created.

SIS:     22-Feb-2006 13:03:37 cSchedPTR exampler created.

SIS:     22-Feb-2006 13:03:37 cFDPTR exampler created.

SIS:     22-Feb-2006 13:03:37 cCalculator exampler created.

SIS:     22-Feb-2006 13:03:44 cSchedPTR exampler created.

SIS:     22-Feb-2006 13:03:44 cFormula exampler created.

SIS:     22-Feb-2006 13:03:44 cFDPTR exampler created.

SIS:     22-Feb-2006 13:04:04 cFDPTR exampler created.

SIS:     22-Feb-2006 13:04:04 cFDPTR exampler created.

SIS:     22-Feb-2006 13:04:04 cFDPTR exampler created.

SIS:     22-Feb-2006 13:05:47 RW_FDatum: 2006/Feb/22 13:05:47  Error: File not found: OpcS7.dll Request: cFDPTR0010922008CP_H1_1:007CPB1RPT011DB125,DINT0004LONG003306008CP_H1_1:007CPB1RPT014DB125,CHAR8,10009STRING*10003308008CP_H1_1:007CPB1RPT012DB125,DINT18004LONG003309008CP_H1_1:007CPB1RPT012DB125,INT754007INTEGER003311008CP_H1_1:007CPB1RPT012DB125,INT756007INTEGER003312008CP_H1_1:007CPB1RPT012DB125,INT760007INTEGER003314008CP_H1_1:007CPB1RPT012DB125,INT762007INTEGER003315008CP_H1_1:007CPB1RPT013DB125,REAL768005FLOAT003316008CP_H1_1:007CPB1RPT013DB125,REAL772005FLOAT003317008CP_H1_1:007CPB1RPT013DB125,REAL776005FLOAT003318008CP_H1_1:007CPB1RPT013DB125,REAL780005FLOAT003319008CP_H1_1:007CPB1RPT013DB125,REAL832005FLOAT003320008CP_H1_1:007CPB1RPT013DB125,REAL836005FLOAT003321008CP_H1_1:007CPB1RPT013DB125,REAL860005FLOAT003322008CP_H1_1:007CPB1RPT013DB125,REAL844005FLOAT003368008CP_H1_1:007CPB1RPT013DB125,REAL852005FLOAT003396008CP_H1_1:007CPB1RPT013DB125,REAL974005FLOAT003446008CP_H1_1:007CPB1RPT013DB42,REAL5462005FLOAT003480000000000000071306;308;309;311;312;314;315;316;317;318;319;320;321;322;368;396;446;480005Group006string01902/22/2006 13:03:4401902/22/2006 13:03:44003SGR00414060041406000

SIS:     22-Feb-2006 13:08:55 RW_FDatum: 2006/Feb/22 13:07:54  Error: File not found: OpcS7.dll Request: cFDPTR0010922008CP_H1_1:007CPB1RPT011DB125,DINT0004LONG003306008CP_H1_1:007CPB1RPT014DB125,CHAR8,10009STRING*10003308008CP_H1_1:007CPB1RPT012DB125,DINT18004LONG003309008CP_H1_1:007CPB1RPT012DB125,INT754007INTEGER003311008CP_H1_1:007CPB1RPT012DB125,INT756007INTEGER003312008CP_H1_1:007CPB1RPT012DB125,INT760007INTEGER003314008CP_H1_1:007CPB1RPT012DB125,INT762007INTEGER003315008CP_H1_1:007CPB1RPT013DB125,REAL768005FLOAT003316008CP_H1_1:007CPB1RPT013DB125,REAL772005FLOAT003317008CP_H1_1:007CPB1RPT013DB125,REAL776005FLOAT003318008CP_H1_1:007CPB1RPT013DB125,REAL780005FLOAT003319008CP_H1_1:007CPB1RPT013DB125,REAL832005FLOAT003320008CP_H1_1:007CPB1RPT013DB125,REAL836005FLOAT003321008CP_H1_1:007CPB1RPT013DB125,REAL860005FLOAT003322008CP_H1_1:007CPB1RPT013DB125,REAL844005FLOAT003368008CP_H1_1:007CPB1RPT013DB125,REAL852005FLOAT003396008CP_H1_1:007CPB1RPT013DB125,REAL974005FLOAT003446008CP_H1_1:007CPB1RPT013DB42,REAL5462005FLOAT003480000000000000071306;308;309;311;312;314;315;316;317;318;319;320;321;322;368;396;446;480005Group006string01902/22/2006 13:04:0401902/22/2006 13:03:44003SGR00414060041406000

SIS:     22-Feb-2006 13:14:33 cFDPTR exampler destroyed.

SIS:     22-Feb-2006 13:14:43 cFDPTR exampler destroyed.

SIS:     22-Feb-2006 13:14:43 cSchedPTR exampler destroyed.

SIS:     22-Feb-2006 13:14:43 cFormula exampler destroyed.

SIS:     22-Feb-2006 13:14:43 cFDPTR exampler destroyed.

SIS:     22-Feb-2006 13:14:43 cFDPTR exampler destroyed.

SIS:     22-Feb-2006 13:14:43 cFDPTR exampler destroyed.

SIS:     22-Feb-2006 13:14:43 cCalculator exampler destroyed.

SIS:     22-Feb-2006 13:14:43 cFDPTR exampler destroyed.

SIS:     22-Feb-2006 13:14:43 cFDPTR exampler destroyed.

SIS:     22-Feb-2006 13:14:43 cSchedPTR exampler destroyed.

SIS:     22-Feb-2006 13:14:43 cSheduler exampler destroyed.

SIS:     22-Feb-2006 13:51:53 cFDPTR exampler created.

SIS:     22-Feb-2006 13:51:53 cFDPTR exampler created.

SIS:     22-Feb-2006 13:51:53 cSheduler exampler created.

SIS:     22-Feb-2006 13:51:53 cSchedPTR exampler created.

SIS:     22-Feb-2006 13:51:53 cFDPTR exampler created.

SIS:     22-Feb-2006 13:51:53 cCalculator exampler created.

SIS:     22-Feb-2006 13:52:00 cSchedPTR exampler created.

SIS:     22-Feb-2006 13:52:00 cFormula exampler created.

SIS:     22-Feb-2006 13:52:00 cFDPTR exampler created.

SIS:     22-Feb-2006 13:52:20 cFDPTR exampler created.

SIS:     22-Feb-2006 13:52:20 cFDPTR exampler created.

SIS:     22-Feb-2006 13:52:20 cFDPTR exampler created.

SIS:     22-Feb-2006 13:54:09 cFDPTR exampler destroyed.

SIS:     22-Feb-2006 13:54:19 cFDPTR exampler destroyed.

SIS:     22-Feb-2006 13:54:19 cSchedPTR exampler destroyed.

SIS:     22-Feb-2006 13:54:19 cFormula exampler destroyed.

SIS:     22-Feb-2006 13:54:19 cFDPTR exampler destroyed.

SIS:     22-Feb-2006 13:54:19 cFDPTR exampler destroyed.

SIS:     22-Feb-2006 13:54:19 cFDPTR exampler destroyed.

SIS:     22-Feb-2006 13:54:19 cCalculator exampler destroyed.

SIS:     22-Feb-2006 13:54:19 cFDPTR exampler destroyed.

SIS:     22-Feb-2006 13:54:19 cFDPTR exampler destroyed.

SIS:     22-Feb-2006 13:54:19 cSchedPTR exampler destroyed.

SIS:     22-Feb-2006 13:54:19 cSheduler exampler destroyed.

SIS:     22-Feb-2006 16:57:58 cFDPTR exampler created.

SIS:     22-Feb-2006 16:57:58 cFDPTR exampler created.

SIS:     22-Feb-2006 16:57:58 cSheduler exampler created.

SIS:     22-Feb-2006 16:57:58 cSchedPTR exampler created.

SIS:     22-Feb-2006 16:57:58 cFDPTR exampler created.

SIS:     22-Feb-2006 16:57:58 cCalculator exampler created.

SIS:     22-Feb-2006 16:59:54 cSchedPTR exampler created.

SIS:     22-Feb-2006 16:59:54 cFormula exampler created.

SIS:     22-Feb-2006 16:59:54 cFDPTR exampler created.

SIS:     22-Feb-2006 17:00:14 cFDPTR exampler created.

SIS:     22-Feb-2006 17:38:40 cFDPTR exampler created.

SIS:     22-Feb-2006 17:38:40 cFDPTR exampler created.

SIS:     22-Feb-2006 17:38:40 cSheduler exampler created.

SIS:     22-Feb-2006 17:38:40 cSchedPTR exampler created.

SIS:     22-Feb-2006 17:38:40 cFDPTR exampler created.

SIS:     22-Feb-2006 17:38:40 cCalculator exampler created.

SIS:     22-Feb-2006 17:38:47 cSchedPTR exampler created.

SIS:     22-Feb-2006 17:38:47 cFormula exampler created.

SIS:     22-Feb-2006 17:38:47 cFDPTR exampler created.

SIS:     22-Feb-2006 17:39:07 cFDPTR exampler created.

SIS:     22-Feb-2006 17:42:53 cFDPTR exampler created.

SIS:     22-Feb-2006 17:42:53 cFDPTR exampler created.

SIS:     22-Feb-2006 17:42:53 cSheduler exampler created.

SIS:     22-Feb-2006 17:42:53 cSchedPTR exampler created.

SIS:     22-Feb-2006 17:42:53 cFDPTR exampler created.

SIS:     22-Feb-2006 17:42:53 cCalculator exampler created.

SIS:     22-Feb-2006 17:44:37 cSchedPTR exampler created.

SIS:     22-Feb-2006 17:44:37 cFormula exampler created.

SIS:     22-Feb-2006 17:44:37 cFDPTR exampler created.

SIS:     22-Feb-2006 17:44:57 cFDPTR exampler created.

SIS:     22-Feb-2006 17:49:31 cFDPTR exampler created.

SIS:     22-Feb-2006 17:49:31 cFDPTR exampler created.

SIS:     22-Feb-2006 17:49:31 cSheduler exampler created.

SIS:     22-Feb-2006 17:49:31 cSchedPTR exampler created.

SIS:     22-Feb-2006 17:49:31 cFDPTR exampler created.

SIS:     22-Feb-2006 17:49:31 cCalculator exampler created.

SIS:     22-Feb-2006 17:49:38 cSchedPTR exampler created.

SIS:     22-Feb-2006 17:49:38 cFormula exampler created.

SIS:     22-Feb-2006 17:49:38 cFDPTR exampler created.

SIS:     22-Feb-2006 17:49:58 cFDPTR exampler created.

SIS:     22-Feb-2006 17:56:38 cFDPTR exampler created.

SIS:     22-Feb-2006 17:56:38 cFDPTR exampler created.

SIS:     22-Feb-2006 17:56:38 cSheduler exampler created.

SIS:     22-Feb-2006 17:56:38 cSchedPTR exampler created.

SIS:     22-Feb-2006 17:56:38 cFDPTR exampler created.

SIS:     22-Feb-2006 17:56:38 cCalculator exampler created.

SIS:     22-Feb-2006 17:56:45 cSchedPTR exampler created.

SIS:     22-Feb-2006 17:56:45 cFormula exampler created.

SIS:     22-Feb-2006 17:56:45 cFDPTR exampler created.

SIS:     22-Feb-2006 17:57:05 cFDPTR exampler created.

SIS:     22-Feb-2006 17:58:03 cFDPTR exampler created.

SIS:     22-Feb-2006 17:58:03 cFDPTR exampler created.

SIS:     22-Feb-2006 17:59:46 cFDPTR exampler destroyed.

SIS:     22-Feb-2006 17:59:56 cFDPTR exampler destroyed.

SIS:     22-Feb-2006 17:59:56 cSchedPTR exampler destroyed.

SIS:     22-Feb-2006 17:59:56 cFormula exampler destroyed.

SIS:     22-Feb-2006 17:59:56 cFDPTR exampler destroyed.

SIS:     22-Feb-2006 17:59:56 cFDPTR exampler destroyed.

SIS:     22-Feb-2006 17:59:56 cFDPTR exampler destroyed.

SIS:     22-Feb-2006 17:59:56 cCalculator exampler destroyed.

SIS:     22-Feb-2006 17:59:56 cFDPTR exampler destroyed.

SIS:     22-Feb-2006 17:59:56 cFDPTR exampler destroyed.

SIS:     22-Feb-2006 17:59:56 cSchedPTR exampler destroyed.

SIS:     22-Feb-2006 17:59:56 cSheduler exampler destroyed.

